#
# A fatal error has been detected by the Java Runtime Environment:
#
#  SIGSEGV (0xb) at pc=0x00007ff8cd2a9fd7, pid=3755, tid=140706418308864
#
# JRE version: 6.0_32-b32
# Java VM: OpenJDK 64-Bit Server VM (23.25-b01 mixed mode linux-amd64 compressed oops)
# Derivative: IcedTea6 1.13.4
# Distribution: Ubuntu 12.04 LTS, package 6b32-1.13.4-4ubuntu0.12.04.2
# Problematic frame:
# J  java.awt.Container.dispatchEventImpl(Ljava/awt/AWTEvent;)V
#
# Failed to write core dump. Core dumps have been disabled. To enable core dumping, try "ulimit -c unlimited" before starting Java again
#
# If you would like to submit a bug report, please include
# instructions how to reproduce the bug and visit:
#   https://bugs.launchpad.net/ubuntu/+source/openjdk-6/
#

---------------  T H R E A D  ---------------

Current thread (0x00007ff8d0540000):  JavaThread "AWT-EventQueue-1" [_thread_in_Java, id=4008, stack(0x00007ff8c404b000,0x00007ff8c414c000)]

siginfo:si_signo=SIGSEGV: si_errno=0, si_code=1 (SEGV_MAPERR), si_addr=0x0000000000000008

Registers:
RAX=0x0000000000000000, RBX=0x00000000c38876f8, RCX=0x00000000c374fb70, RDX=0x0000000000000001
RSP=0x00007ff8c4146cb0, RBP=0x0000000000000000, RSI=0x00000000c34122a0, RDI=0x00007ff8c4146c30
R8 =0x00000000ebfdb760, R9 =0x0000000000000000, R10=0x00000000c38876f8, R11=0x00000000c374fb70
R12=0x0000000000000000, R13=0x00000000b96b7848, R14=0x00007ff8c4146ca0, R15=0x00007ff8d0540000
RIP=0x00007ff8cd2a9fd7, EFLAGS=0x0000000000010246, CSGSFS=0x0000000000000033, ERR=0x0000000000000004
  TRAPNO=0x000000000000000e

Top of Stack: (sp=0x00007ff8c4146cb0)
0x00007ff8c4146cb0:   c34122a0b97e3318 00000000ebf8a7e0
0x00007ff8c4146cc0:   00000000ebfdba58 ba050e2000000001
0x00007ff8c4146cd0:   00000000c371a750 00000000c38876f8
0x00007ff8c4146ce0:   00000000c34122a0 00007ff88c19aa70
0x00007ff8c4146cf0:   00007ff88c19aad8 0000000000000000
0x00007ff8c4146d00:   0000000000000031 00007ff8cd006374
0x00007ff8c4146d10:   00007ff8c4146d78 00007ff8cd005e9a
0x00007ff8c4146d20:   00007ff8cd005e9a 00000000ebfdba58
0x00007ff8c4146d30:   00000000ebf8a7e0 00007ff8c4146d38
0x00007ff8c4146d40:   00000000b93f5be3 00007ff8c4146d90
0x00007ff8c4146d50:   00000000b943b438 00000000ba393e68
0x00007ff8c4146d60:   00000000b93f5c10 00007ff8c4146d28
0x00007ff8c4146d70:   00007ff8c4146da0 00000000b97e3318
0x00007ff8c4146d80:   00007ff8cd1d3d9c 00000000ebfdba58
0x00007ff8c4146d90:   00000000ebf8a7e0 00007ff8cd1d3d9c
0x00007ff8c4146da0:   00007ff8ebfdba58 00000000ebfdba58
0x00007ff8c4146db0:   00007ff8b009e7e8 00007ff8c4147740
0x00007ff8c4146dc0:   0000000000000031 00007ff8d0540000
0x00007ff8c4146dd0:   00007ff8c4146e50 00007ff8cd0004f7
0x00007ff8c4146de0:   00007ff8cd0004f7 00000000ebffb4b8
0x00007ff8c4146df0:   00007ff800001fa5 00007ff8b009e4c0
0x00007ff8c4146e00:   00007ff8c4147390 00007ff8c4147270
0x00007ff8c4146e10:   00007ff8b009e4c8 00007ff8d0540000
0x00007ff8c4146e20:   00007ff8c4146e90 00007ff8c4147398
0x00007ff8c4146e30:   00007ff80000000c 00000000b9b7d578
0x00007ff8c4146e40:   00007ff8cd038a20 00007ff8c4147278
0x00007ff8c4146e50:   00007ff8c4146f30 00007ff8d8a3b03f
0x00007ff8c4146e60:   00007ff800000001 00007ff8d0540000
0x00007ff8c4146e70:   00000000b8eb32f0 00007ff8d001abd0
0x00007ff8c4146e80:   00007ff8cd038a20 010000000000000c
0x00007ff8c4146e90:   00007ff8d0540000 00007ff88c029be0
0x00007ff8c4146ea0:   00000000b9b7d578 00000000ebffb4b8 

Instructions: (pc=0x00007ff8cd2a9fd7)
0x00007ff8cd2a9fb7:   16 44 8b 5d 14 45 85 db 74 0d 45 8b 43 0c 45 85
0x00007ff8cd2a9fc7:   c0 0f 85 27 04 00 00 90 e8 2c c0 eb ff 48 8b e8
0x00007ff8cd2a9fd7:   44 8b 58 08 4d 8b 43 68 49 ba 50 37 ae b9 00 00
0x00007ff8cd2a9fe7:   00 00 4d 3b c2 0f 85 12 e8 ff ff 41 81 fb e8 57 

Register to memory mapping:

RAX=0x0000000000000000 is an unknown value
RBX=0x00000000c38876f8 is an oop
java.util.concurrent.locks.ReentrantLock$NonfairSync 
 - klass: 'java/util/concurrent/locks/ReentrantLock$NonfairSync'
RCX=0x00000000c374fb70 is an oop
java.awt.EventDispatchThread 
 - klass: 'java/awt/EventDispatchThread'
RDX=0x0000000000000001 is an unknown value
RSP=0x00007ff8c4146cb0 is pointing into the stack for thread: 0x00007ff8d0540000
RBP=0x0000000000000000 is an unknown value
RSI=0x00000000c34122a0 is an oop
sun.misc.Unsafe 
 - klass: 'sun/misc/Unsafe'
RDI=0x00007ff8c4146c30 is pointing into the stack for thread: 0x00007ff8d0540000
R8 =0x00000000ebfdb760 is an oop
java.util.concurrent.locks.AbstractQueuedSynchronizer$Node 
 - klass: 'java/util/concurrent/locks/AbstractQueuedSynchronizer$Node'
R9 =0x0000000000000000 is an unknown value
R10=0x00000000c38876f8 is an oop
java.util.concurrent.locks.ReentrantLock$NonfairSync 
 - klass: 'java/util/concurrent/locks/ReentrantLock$NonfairSync'
R11=0x00000000c374fb70 is an oop
java.awt.EventDispatchThread 
 - klass: 'java/awt/EventDispatchThread'
R12=0x0000000000000000 is an unknown value
R13=0x00000000b96b7848 is an oop
{method} 
 - klass: {other class}
R14=0x00007ff8c4146ca0 is pointing into the stack for thread: 0x00007ff8d0540000
R15=0x00007ff8d0540000 is a thread


Stack: [0x00007ff8c404b000,0x00007ff8c414c000],  sp=0x00007ff8c4146cb0,  free space=1007k
Native frames: (J=compiled Java code, j=interpreted, Vv=VM code, C=native code)
J  java.awt.Container.dispatchEventImpl(Ljava/awt/AWTEvent;)V

[error occurred during error reporting (printing native stack), id 0xb]


---------------  P R O C E S S  ---------------

Java Threads: ( => current thread )
  0x00007ff88c0f2000 JavaThread "TimerQueue" daemon [_thread_blocked, id=4013, stack(0x00007ff893cab000,0x00007ff893dac000)]
  0x00007ff8d0009000 JavaThread "DestroyJavaVM" [_thread_blocked, id=3756, stack(0x00007ff8d9ec8000,0x00007ff8d9fc9000)]
=>0x00007ff8d0540000 JavaThread "AWT-EventQueue-1" [_thread_in_Java, id=4008, stack(0x00007ff8c404b000,0x00007ff8c414c000)]
  0x00007ff8d0538800 JavaThread "AWT-Shutdown" [_thread_blocked, id=4007, stack(0x00007ff8c414c000,0x00007ff8c424d000)]
  0x00007ff8d0392800 JavaThread "AWT-XAWT" daemon [_thread_in_native, id=3769, stack(0x00007ff8c4f45000,0x00007ff8c5046000)]
  0x00007ff8d02e0800 JavaThread "Java2D Disposer" daemon [_thread_blocked, id=3768, stack(0x00007ff8c5456000,0x00007ff8c5557000)]
  0x00007ff8d01ee800 JavaThread "Timer-0" daemon [_thread_blocked, id=3767, stack(0x00007ff8c70f7000,0x00007ff8c71f8000)]
  0x00007ff8d00f6800 JavaThread "Low Memory Detector" daemon [_thread_blocked, id=3765, stack(0x00007ff8c72f9000,0x00007ff8c73fa000)]
  0x00007ff8d00f4000 JavaThread "C2 CompilerThread1" daemon [_thread_blocked, id=3764, stack(0x00007ff8c73fa000,0x00007ff8c74fb000)]
  0x00007ff8d00f1000 JavaThread "C2 CompilerThread0" daemon [_thread_blocked, id=3763, stack(0x00007ff8c74fb000,0x00007ff8c75fc000)]
  0x00007ff8d00ef000 JavaThread "Signal Dispatcher" daemon [_thread_blocked, id=3762, stack(0x00007ff8c75fc000,0x00007ff8c76fd000)]
  0x00007ff8d00a0000 JavaThread "Finalizer" daemon [_thread_blocked, id=3761, stack(0x00007ff8c7afb000,0x00007ff8c7bfc000)]
  0x00007ff8d009e000 JavaThread "Reference Handler" daemon [_thread_blocked, id=3760, stack(0x00007ff8c7bfc000,0x00007ff8c7cfd000)]

Other Threads:
  0x00007ff8d008f000 VMThread [stack: 0x00007ff8c7cfd000,0x00007ff8c7dfe000] [id=3759]
  0x00007ff8d0101000 WatcherThread [stack: 0x00007ff8c71f8000,0x00007ff8c72f9000] [id=3766]

VM state:not at safepoint (normal execution)

VM Mutex/Monitor currently owned by a thread: None

Heap
 PSYoungGen      total 14848K, used 4306K [0x00000000ebc00000, 0x00000000ece60000, 0x0000000100000000)
  eden space 11648K, 35% used [0x00000000ebc00000,0x00000000ec014b58,0x00000000ec760000)
  from space 3200K, 4% used [0x00000000ecb40000,0x00000000ecb60000,0x00000000ece60000)
  to   space 3584K, 0% used [0x00000000ec760000,0x00000000ec760000,0x00000000ecae0000)
 ParOldGen       total 41472K, used 5791K [0x00000000c3400000, 0x00000000c5c80000, 0x00000000ebc00000)
  object space 41472K, 13% used [0x00000000c3400000,0x00000000c39a7c48,0x00000000c5c80000)
 PSPermGen       total 22592K, used 22489K [0x00000000b8e00000, 0x00000000ba410000, 0x00000000c3400000)
  object space 22592K, 99% used [0x00000000b8e00000,0x00000000ba3f6400,0x00000000ba410000)

Card table byte_map: [0x00007ff8d6a48000,0x00007ff8d6c82000] byte_map_base: 0x00007ff8d6481000

Polling page: 0x00007ff8d9fdc000

Code Cache  [0x00007ff8cd000000, 0x00007ff8cd320000, 0x00007ff8d0000000)
 total_blobs=1408 nmethods=899 adapters=460 free_code_cache=46060Kb largest_free_block=47073408

Compilation events (10 events):
Event: 4949.719 Thread 0x00007ff8d00f1000  930             java.util.concurrent.TimeUnit$3::toNanos (11 bytes)
Event: 4949.720 Thread 0x00007ff8d00f1000 nmethod 930 0x00007ff8cd29e090 code [0x00007ff8cd29e1c0, 0x00007ff8cd29e258]
Event: 4972.968 Thread 0x00007ff8d00f4000  931             mars.venus.editors.jeditsyntax.JEditTextArea::_offsetToX (320 bytes)
Event: 4973.000 Thread 0x00007ff8d00f4000 nmethod 931 0x00007ff8cd2eda10 code [0x00007ff8cd2edcc0, 0x00007ff8cd2eeaf0]
Event: 5042.883 Thread 0x00007ff8d00f1000  933             mars.venus.editors.jeditsyntax.SyntaxStyle::getStyledFont (84 bytes)
Event: 5042.892 Thread 0x00007ff8d00f1000 nmethod 933 0x00007ff8cd2c5710 code [0x00007ff8cd2c58a0, 0x00007ff8cd2c5c98]
Event: 5112.097 Thread 0x00007ff8d00f4000  934             java.awt.KeyboardFocusManager::setMostRecentFocusOwner (34 bytes)
Event: 5112.103 Thread 0x00007ff8d00f1000  935             sun.awt.X11.XInputMethod::getPeer (119 bytes)
Event: 5112.104 Thread 0x00007ff8d00f4000 nmethod 934 0x00007ff8cd1b0d50 code [0x00007ff8cd1b0ec0, 0x00007ff8cd1b13f8]
Event: 5112.139 Thread 0x00007ff8d00f1000 nmethod 935 0x00007ff8cd2e73d0 code [0x00007ff8cd2e7660, 0x00007ff8cd2e8fa0]

GC Heap History (10 events):
Event: 4414.369 GC heap before
{Heap before GC invocations=18 (full 2):
 PSYoungGen      total 13056K, used 13024K [0x00000000ebc00000, 0x00000000ed110000, 0x0000000100000000)
  eden space 12864K, 100% used [0x00000000ebc00000,0x00000000ec890000,0x00000000ec890000)
  from space 192K, 83% used [0x00000000ec8d0000,0x00000000ec8f8000,0x00000000ec900000)
  to   space 4352K, 0% used [0x00000000eccd0000,0x00000000eccd0000,0x00000000ed110000)
 ParOldGen       total 41472K, used 5550K [0x00000000c3400000, 0x00000000c5c80000, 0x00000000ebc00000)
  object space 41472K, 13% used [0x00000000c3400000,0x00000000c396bab0,0x00000000c5c80000)
 PSPermGen       total 22592K, used 22441K [0x00000000b8e00000, 0x00000000ba410000, 0x00000000c3400000)
  object space 22592K, 99% used [0x00000000b8e00000,0x00000000ba3ea400,0x00000000ba410000)
Event: 4414.371 GC heap after
Heap after GC invocations=18 (full 2):
 PSYoungGen      total 16448K, used 160K [0x00000000ebc00000, 0x00000000ed090000, 0x0000000100000000)
  eden space 12608K, 0% used [0x00000000ebc00000,0x00000000ebc00000,0x00000000ec850000)
  from space 3840K, 4% used [0x00000000eccd0000,0x00000000eccf8000,0x00000000ed090000)
  to   space 4224K, 0% used [0x00000000ec850000,0x00000000ec850000,0x00000000ecc70000)
 ParOldGen       total 41472K, used 5566K [0x00000000c3400000, 0x00000000c5c80000, 0x00000000ebc00000)
  object space 41472K, 13% used [0x00000000c3400000,0x00000000c396fab0,0x00000000c5c80000)
 PSPermGen       total 22592K, used 22441K [0x00000000b8e00000, 0x00000000ba410000, 0x00000000c3400000)
  object space 22592K, 99% used [0x00000000b8e00000,0x00000000ba3ea400,0x00000000ba410000)
}
Event: 4602.911 GC heap before
{Heap before GC invocations=19 (full 2):
 PSYoungGen      total 16448K, used 12768K [0x00000000ebc00000, 0x00000000ed090000, 0x0000000100000000)
  eden space 12608K, 100% used [0x00000000ebc00000,0x00000000ec850000,0x00000000ec850000)
  from space 3840K, 4% used [0x00000000eccd0000,0x00000000eccf8000,0x00000000ed090000)
  to   space 4224K, 0% used [0x00000000ec850000,0x00000000ec850000,0x00000000ecc70000)
 ParOldGen       total 41472K, used 5566K [0x00000000c3400000, 0x00000000c5c80000, 0x00000000ebc00000)
  object space 41472K, 13% used [0x00000000c3400000,0x00000000c396fab0,0x00000000c5c80000)
 PSPermGen       total 22592K, used 22457K [0x00000000b8e00000, 0x00000000ba410000, 0x00000000c3400000)
  object space 22592K, 99% used [0x00000000b8e00000,0x00000000ba3ee5f0,0x00000000ba410000)
Event: 4602.912 GC heap after
Heap after GC invocations=19 (full 2):
 PSYoungGen      total 12480K, used 96K [0x00000000ebc00000, 0x00000000ed010000, 0x0000000100000000)
  eden space 12352K, 0% used [0x00000000ebc00000,0x00000000ebc00000,0x00000000ec810000)
  from space 128K, 75% used [0x00000000ec850000,0x00000000ec868000,0x00000000ec870000)
  to   space 4096K, 0% used [0x00000000ecc10000,0x00000000ecc10000,0x00000000ed010000)
 ParOldGen       total 41472K, used 5582K [0x00000000c3400000, 0x00000000c5c80000, 0x00000000ebc00000)
  object space 41472K, 13% used [0x00000000c3400000,0x00000000c3973ab0,0x00000000c5c80000)
 PSPermGen       total 22592K, used 22457K [0x00000000b8e00000, 0x00000000ba410000, 0x00000000c3400000)
  object space 22592K, 99% used [0x00000000b8e00000,0x00000000ba3ee5f0,0x00000000ba410000)
}
Event: 4690.622 GC heap before
{Heap before GC invocations=20 (full 2):
 PSYoungGen      total 12480K, used 12448K [0x00000000ebc00000, 0x00000000ed010000, 0x0000000100000000)
  eden space 12352K, 100% used [0x00000000ebc00000,0x00000000ec810000,0x00000000ec810000)
  from space 128K, 75% used [0x00000000ec850000,0x00000000ec868000,0x00000000ec870000)
  to   space 4096K, 0% used [0x00000000ecc10000,0x00000000ecc10000,0x00000000ed010000)
 ParOldGen       total 41472K, used 5582K [0x00000000c3400000, 0x00000000c5c80000, 0x00000000ebc00000)
  object space 41472K, 13% used [0x00000000c3400000,0x00000000c3973ab0,0x00000000c5c80000)
 PSPermGen       total 22592K, used 22475K [0x00000000b8e00000, 0x00000000ba410000, 0x00000000c3400000)
  object space 22592K, 99% used [0x00000000b8e00000,0x00000000ba3f2e70,0x00000000ba410000)
Event: 4690.625 GC heap after
Heap after GC invocations=20 (full 2):
 PSYoungGen      total 15552K, used 256K [0x00000000ebc00000, 0x00000000ecf70000, 0x0000000100000000)
  eden space 12096K, 0% used [0x00000000ebc00000,0x00000000ebc00000,0x00000000ec7d0000)
  from space 3456K, 7% used [0x00000000ecc10000,0x00000000ecc50000,0x00000000ecf70000)
  to   space 3904K, 0% used [0x00000000ec7d0000,0x00000000ec7d0000,0x00000000ecba0000)
 ParOldGen       total 41472K, used 5606K [0x00000000c3400000, 0x00000000c5c80000, 0x00000000ebc00000)
  object space 41472K, 13% used [0x00000000c3400000,0x00000000c3979ab0,0x00000000c5c80000)
 PSPermGen       total 22592K, used 22475K [0x00000000b8e00000, 0x00000000ba410000, 0x00000000c3400000)
  object space 22592K, 99% used [0x00000000b8e00000,0x00000000ba3f2e70,0x00000000ba410000)
}
Event: 4868.584 GC heap before
{Heap before GC invocations=21 (full 2):
 PSYoungGen      total 15552K, used 12352K [0x00000000ebc00000, 0x00000000ecf70000, 0x0000000100000000)
  eden space 12096K, 100% used [0x00000000ebc00000,0x00000000ec7d0000,0x00000000ec7d0000)
  from space 3456K, 7% used [0x00000000ecc10000,0x00000000ecc50000,0x00000000ecf70000)
  to   space 3904K, 0% used [0x00000000ec7d0000,0x00000000ec7d0000,0x00000000ecba0000)
 ParOldGen       total 41472K, used 5606K [0x00000000c3400000, 0x00000000c5c80000, 0x00000000ebc00000)
  object space 41472K, 13% used [0x00000000c3400000,0x00000000c3979ab0,0x00000000c5c80000)
 PSPermGen       total 22592K, used 22480K [0x00000000b8e00000, 0x00000000ba410000, 0x00000000c3400000)
  object space 22592K, 99% used [0x00000000b8e00000,0x00000000ba3f4270,0x00000000ba410000)
Event: 4868.587 GC heap after
Heap after GC invocations=21 (full 2):
 PSYoungGen      total 11968K, used 128K [0x00000000ebc00000, 0x00000000ecef0000, 0x0000000100000000)
  eden space 11840K, 0% used [0x00000000ebc00000,0x00000000ebc00000,0x00000000ec790000)
  from space 128K, 100% used [0x00000000ec7d0000,0x00000000ec7f0000,0x00000000ec7f0000)
  to   space 3776K, 0% used [0x00000000ecb40000,0x00000000ecb40000,0x00000000ecef0000)
 ParOldGen       total 41472K, used 5775K [0x00000000c3400000, 0x00000000c5c80000, 0x00000000ebc00000)
  object space 41472K, 13% used [0x00000000c3400000,0x00000000c39a3c48,0x00000000c5c80000)
 PSPermGen       total 22592K, used 22480K [0x00000000b8e00000, 0x00000000ba410000, 0x00000000c3400000)
  object space 22592K, 99% used [0x00000000b8e00000,0x00000000ba3f4270,0x00000000ba410000)
}
Event: 4882.240 GC heap before
{Heap before GC invocations=22 (full 2):
 PSYoungGen      total 11968K, used 11968K [0x00000000ebc00000, 0x00000000ecef0000, 0x0000000100000000)
  eden space 11840K, 100% used [0x00000000ebc00000,0x00000000ec790000,0x00000000ec790000)
  from space 128K, 100% used [0x00000000ec7d0000,0x00000000ec7f0000,0x00000000ec7f0000)
  to   space 3776K, 0% used [0x00000000ecb40000,0x00000000ecb40000,0x00000000ecef0000)
 ParOldGen       total 41472K, used 5775K [0x00000000c3400000, 0x00000000c5c80000, 0x00000000ebc00000)
  object space 41472K, 13% used [0x00000000c3400000,0x00000000c39a3c48,0x00000000c5c80000)
 PSPermGen       total 22592K, used 22485K [0x00000000b8e00000, 0x00000000ba410000, 0x00000000c3400000)
  object space 22592K, 99% used [0x00000000b8e00000,0x00000000ba3f5780,0x00000000ba410000)
Event: 4882.241 GC heap after
Heap after GC invocations=22 (full 2):
 PSYoungGen      total 14848K, used 128K [0x00000000ebc00000, 0x00000000ece60000, 0x0000000100000000)
  eden space 11648K, 0% used [0x00000000ebc00000,0x00000000ebc00000,0x00000000ec760000)
  from space 3200K, 4% used [0x00000000ecb40000,0x00000000ecb60000,0x00000000ece60000)
  to   space 3584K, 0% used [0x00000000ec760000,0x00000000ec760000,0x00000000ecae0000)
 ParOldGen       total 41472K, used 5791K [0x00000000c3400000, 0x00000000c5c80000, 0x00000000ebc00000)
  object space 41472K, 13% used [0x00000000c3400000,0x00000000c39a7c48,0x00000000c5c80000)
 PSPermGen       total 22592K, used 22485K [0x00000000b8e00000, 0x00000000ba410000, 0x00000000c3400000)
  object space 22592K, 99% used [0x00000000b8e00000,0x00000000ba3f5780,0x00000000ba410000)
}

Deoptimization events (10 events):
Event: 4607.492 Thread 0x00007ff8d0540000 Uncommon trap -83 fr.pc 0x00007ff8cd066edc
Event: 4607.493 Thread 0x00007ff8d0540000 Uncommon trap -34 fr.pc 0x00007ff8cd1e7120
Event: 4607.493 Thread 0x00007ff8d0540000 Uncommon trap -34 fr.pc 0x00007ff8cd1e7120
Event: 4607.493 Thread 0x00007ff8d0540000 Uncommon trap -58 fr.pc 0x00007ff8cd243b90
Event: 4607.494 Thread 0x00007ff8d0540000 Uncommon trap -12 fr.pc 0x00007ff8cd1a49b8
Event: 4607.496 Thread 0x00007ff8d0540000 Uncommon trap -83 fr.pc 0x00007ff8cd271a8c
Event: 4613.837 Thread 0x00007ff8d0540000 Uncommon trap -34 fr.pc 0x00007ff8cd226010
Event: 4616.886 Thread 0x00007ff8d0540000 Uncommon trap -34 fr.pc 0x00007ff8cd1e7120
Event: 4616.886 Thread 0x00007ff8d0540000 Uncommon trap -58 fr.pc 0x00007ff8cd243b90
Event: 4616.886 Thread 0x00007ff8d0540000 Uncommon trap -34 fr.pc 0x00007ff8cd1e7120

Internal exceptions (10 events):
Event: 3081.240 Thread 0x00007ff8d0540000 Implicit null exception at 0x00007ff8cd229c88 to 0x00007ff8cd22ac41
Event: 3206.073 Thread 0x00007ff8d0540000 Threw 0x00000000ec4d6750 at /build/buildd/openjdk-6-6b32-1.13.4/build/openjdk/hotspot/src/share/vm/classfile/systemDictionary.cpp:1
Event: 3206.073 Thread 0x00007ff8d0540000 Threw 0x00000000ec4d6cc8 at /build/buildd/openjdk-6-6b32-1.13.4/build/openjdk/hotspot/src/share/vm/prims/jvm.cpp:1235
Event: 4604.312 Thread 0x00007ff8d0540000 Implicit null exception at 0x00007ff8cd16aa75 to 0x00007ff8cd16aded
Event: 4605.080 Thread 0x00007ff8d0540000 Threw 0x00000000ebd3bbd0 at /build/buildd/openjdk-6-6b32-1.13.4/build/openjdk/hotspot/src/share/vm/prims/jni.cpp:742
Event: 4607.489 Thread 0x00007ff8d0540000 Implicit null exception at 0x00007ff8cd1fdd28 to 0x00007ff8cd1fe1d5
Event: 4607.494 Thread 0x00007ff8d0540000 Implicit null exception at 0x00007ff8cd1a4581 to 0x00007ff8cd1a4999
Event: 4613.959 Thread 0x00007ff8d0540000 Threw 0x00000000ebfa4be0 at /build/buildd/openjdk-6-6b32-1.13.4/build/openjdk/hotspot/src/share/vm/prims/jni.cpp:742
Event: 5112.913 Thread 0x00007ff8d0540000 Threw 0x00000000ebfe7028 at /build/buildd/openjdk-6-6b32-1.13.4/build/openjdk/hotspot/src/share/vm/prims/jni.cpp:742
Event: 5113.223 Thread 0x00007ff8d0540000 Implicit null exception at 0x00007ff8cd2a9fd7 to 0x0000000000000000

Events (10 events):
Event: 4911.634 Thread 0x00007ff8d00f4000 flushing nmethod 0x00007ff8cd1b0850
Event: 4917.432 Thread 0x00007ff8d00f1000 flushing nmethod 0x00007ff8cd1d77d0
Event: 4921.878 Thread 0x00007ff8d00f4000 flushing nmethod 0x00007ff8cd1fef10
Event: 4949.720 Thread 0x00007ff8d00f1000 flushing nmethod 0x00007ff8cd22edd0
Event: 5112.781 Thread 0x00007ff88c19a800 Thread added: 0x00007ff88c19a800
Event: 5112.784 Executing VM operation: RevokeBias
Event: 5112.785 Executing VM operation: RevokeBias done
Event: 5112.785 Thread 0x00007ff88c19a800 Thread exited: 0x00007ff88c19a800
Event: 5112.787 Executing VM operation: RevokeBias
Event: 5112.787 Executing VM operation: RevokeBias done


Dynamic libraries:
00400000-00409000 r-xp 00000000 08:01 1969743                            /usr/lib/jvm/java-6-openjdk-amd64/jre/bin/java
00608000-00609000 r--p 00008000 08:01 1969743                            /usr/lib/jvm/java-6-openjdk-amd64/jre/bin/java
00609000-0060a000 rw-p 00009000 08:01 1969743                            /usr/lib/jvm/java-6-openjdk-amd64/jre/bin/java
02343000-02364000 rw-p 00000000 00:00 0                                  [heap]
b8e00000-ba410000 rw-p 00000000 00:00 0 
ba410000-c3400000 rw-p 00000000 00:00 0 
c3400000-c5c80000 rw-p 00000000 00:00 0 
c5c80000-ebc00000 rw-p 00000000 00:00 0 
ebc00000-ece60000 rw-p 00000000 00:00 0 
ece60000-ed340000 ---p 00000000 00:00 0 
ed340000-100000000 rw-p 00000000 00:00 0 
7ff88c000000-7ff88c3b8000 rw-p 00000000 00:00 0 
7ff88c3b8000-7ff890000000 ---p 00000000 00:00 0 
7ff8938c7000-7ff893cab000 rw-s 00000000 00:04 3899393                    /SYSV00000000 (deleted)
7ff893cab000-7ff893cae000 ---p 00000000 00:00 0 
7ff893cae000-7ff893dac000 rw-p 00000000 00:00 0 
7ff893dac000-7ff893daf000 ---p 00000000 00:00 0 
7ff893daf000-7ff893ead000 rw-p 00000000 00:00 0 
7ff893ead000-7ff893eb0000 ---p 00000000 00:00 0 
7ff893eb0000-7ff893fae000 rw-p 00000000 00:00 0 
7ff893fae000-7ff894000000 rw-s 00000000 00:04 163842                     /SYSV00000000 (deleted)
7ff894000000-7ff89404b000 rw-p 00000000 00:00 0 
7ff89404b000-7ff898000000 ---p 00000000 00:00 0 
7ff898000000-7ff898082000 rw-p 00000000 00:00 0 
7ff898082000-7ff89c000000 ---p 00000000 00:00 0 
7ff89c000000-7ff89c021000 rw-p 00000000 00:00 0 
7ff89c021000-7ff8a0000000 ---p 00000000 00:00 0 
7ff8a0000000-7ff8a0021000 rw-p 00000000 00:00 0 
7ff8a0021000-7ff8a4000000 ---p 00000000 00:00 0 
7ff8a4000000-7ff8a65e1000 rw-p 00000000 00:00 0 
7ff8a65e1000-7ff8a8000000 ---p 00000000 00:00 0 
7ff8a8000000-7ff8a8021000 rw-p 00000000 00:00 0 
7ff8a8021000-7ff8ac000000 ---p 00000000 00:00 0 
7ff8ac000000-7ff8ac021000 rw-p 00000000 00:00 0 
7ff8ac021000-7ff8b0000000 ---p 00000000 00:00 0 
7ff8b0000000-7ff8b1292000 rw-p 00000000 00:00 0 
7ff8b1292000-7ff8b4000000 ---p 00000000 00:00 0 
7ff8b4000000-7ff8b4021000 rw-p 00000000 00:00 0 
7ff8b4021000-7ff8b8000000 ---p 00000000 00:00 0 
7ff8b8000000-7ff8b8021000 rw-p 00000000 00:00 0 
7ff8b8021000-7ff8bc000000 ---p 00000000 00:00 0 
7ff8bc000000-7ff8bc041000 rw-p 00000000 00:00 0 
7ff8bc041000-7ff8c0000000 ---p 00000000 00:00 0 
7ff8c0000000-7ff8c0021000 rw-p 00000000 00:00 0 
7ff8c0021000-7ff8c4000000 ---p 00000000 00:00 0 
7ff8c404b000-7ff8c404e000 ---p 00000000 00:00 0 
7ff8c404e000-7ff8c414c000 rw-p 00000000 00:00 0 
7ff8c414c000-7ff8c414f000 ---p 00000000 00:00 0 
7ff8c414f000-7ff8c42bb000 rw-p 00000000 00:00 0 
7ff8c4524000-7ff8c45c9000 rw-s 00000000 00:04 23298053                   /SYSV00000000 (deleted)
7ff8c45c9000-7ff8c45d1000 r-xp 00000000 08:01 1969706                    /usr/lib/jvm/java-6-openjdk-amd64/jre/lib/amd64/libnio.so
7ff8c45d1000-7ff8c47d0000 ---p 00008000 08:01 1969706                    /usr/lib/jvm/java-6-openjdk-amd64/jre/lib/amd64/libnio.so
7ff8c47d0000-7ff8c47d1000 r--p 00007000 08:01 1969706                    /usr/lib/jvm/java-6-openjdk-amd64/jre/lib/amd64/libnio.so
7ff8c47d1000-7ff8c47d2000 rw-p 00008000 08:01 1969706                    /usr/lib/jvm/java-6-openjdk-amd64/jre/lib/amd64/libnio.so
7ff8c47d2000-7ff8c47e8000 r-xp 00000000 08:01 1969686                    /usr/lib/jvm/java-6-openjdk-amd64/jre/lib/amd64/libnet.so
7ff8c47e8000-7ff8c49e7000 ---p 00016000 08:01 1969686                    /usr/lib/jvm/java-6-openjdk-amd64/jre/lib/amd64/libnet.so
7ff8c49e7000-7ff8c49e8000 r--p 00015000 08:01 1969686                    /usr/lib/jvm/java-6-openjdk-amd64/jre/lib/amd64/libnet.so
7ff8c49e8000-7ff8c49e9000 rw-p 00016000 08:01 1969686                    /usr/lib/jvm/java-6-openjdk-amd64/jre/lib/amd64/libnet.so
7ff8c49e9000-7ff8c4a28000 r-xp 00000000 08:01 1447449                    /usr/lib/x86_64-linux-gnu/libjpeg.so.8.0.2
7ff8c4a28000-7ff8c4c27000 ---p 0003f000 08:01 1447449                    /usr/lib/x86_64-linux-gnu/libjpeg.so.8.0.2
7ff8c4c27000-7ff8c4c28000 r--p 0003e000 08:01 1447449                    /usr/lib/x86_64-linux-gnu/libjpeg.so.8.0.2
7ff8c4c28000-7ff8c4c29000 rw-p 0003f000 08:01 1447449                    /usr/lib/x86_64-linux-gnu/libjpeg.so.8.0.2
7ff8c4c29000-7ff8c4c39000 rw-p 00000000 00:00 0 
7ff8c4c39000-7ff8c4c43000 r-xp 00000000 08:01 1969700                    /usr/lib/jvm/java-6-openjdk-amd64/jre/lib/amd64/libjpeg.so
7ff8c4c43000-7ff8c4e42000 ---p 0000a000 08:01 1969700                    /usr/lib/jvm/java-6-openjdk-amd64/jre/lib/amd64/libjpeg.so
7ff8c4e42000-7ff8c4e43000 r--p 00009000 08:01 1969700                    /usr/lib/jvm/java-6-openjdk-amd64/jre/lib/amd64/libjpeg.so
7ff8c4e43000-7ff8c4e44000 rw-p 0000a000 08:01 1969700                    /usr/lib/jvm/java-6-openjdk-amd64/jre/lib/amd64/libjpeg.so
7ff8c4e44000-7ff8c4e47000 ---p 00000000 00:00 0 
7ff8c4e47000-7ff8c4f45000 rw-p 00000000 00:00 0 
7ff8c4f45000-7ff8c4f48000 ---p 00000000 00:00 0 
7ff8c4f48000-7ff8c5046000 rw-p 00000000 00:00 0 
7ff8c5046000-7ff8c504b000 r-xp 00000000 08:01 1443405                    /usr/lib/x86_64-linux-gnu/libXfixes.so.3.1.0
7ff8c504b000-7ff8c524a000 ---p 00005000 08:01 1443405                    /usr/lib/x86_64-linux-gnu/libXfixes.so.3.1.0
7ff8c524a000-7ff8c524b000 r--p 00004000 08:01 1443405                    /usr/lib/x86_64-linux-gnu/libXfixes.so.3.1.0
7ff8c524b000-7ff8c524c000 rw-p 00005000 08:01 1443405                    /usr/lib/x86_64-linux-gnu/libXfixes.so.3.1.0
7ff8c524c000-7ff8c5255000 r-xp 00000000 08:01 1448886                    /usr/lib/x86_64-linux-gnu/libXcursor.so.1.0.2
7ff8c5255000-7ff8c5454000 ---p 00009000 08:01 1448886                    /usr/lib/x86_64-linux-gnu/libXcursor.so.1.0.2
7ff8c5454000-7ff8c5455000 r--p 00008000 08:01 1448886                    /usr/lib/x86_64-linux-gnu/libXcursor.so.1.0.2
7ff8c5455000-7ff8c5456000 rw-p 00009000 08:01 1448886                    /usr/lib/x86_64-linux-gnu/libXcursor.so.1.0.2
7ff8c5456000-7ff8c5459000 ---p 00000000 00:00 0 
7ff8c5459000-7ff8c5557000 rw-p 00000000 00:00 0 
7ff8c5557000-7ff8c55ed000 r-xp 00000000 08:01 1449073                    /usr/lib/x86_64-linux-gnu/libfreetype.so.6.8.0
7ff8c55ed000-7ff8c57ec000 ---p 00096000 08:01 1449073                    /usr/lib/x86_64-linux-gnu/libfreetype.so.6.8.0
7ff8c57ec000-7ff8c57f2000 r--p 00095000 08:01 1449073                    /usr/lib/x86_64-linux-gnu/libfreetype.so.6.8.0
7ff8c57f2000-7ff8c57f3000 rw-p 0009b000 08:01 1449073                    /usr/lib/x86_64-linux-gnu/libfreetype.so.6.8.0
7ff8c57f3000-7ff8c5842000 r-xp 00000000 08:01 1969683                    /usr/lib/jvm/java-6-openjdk-amd64/jre/lib/amd64/libfontmanager.so
7ff8c5842000-7ff8c5a41000 ---p 0004f000 08:01 1969683                    /usr/lib/jvm/java-6-openjdk-amd64/jre/lib/amd64/libfontmanager.so
7ff8c5a41000-7ff8c5a43000 r--p 0004e000 08:01 1969683                    /usr/lib/jvm/java-6-openjdk-amd64/jre/lib/amd64/libfontmanager.so
7ff8c5a43000-7ff8c5a44000 rw-p 00050000 08:01 1969683                    /usr/lib/jvm/java-6-openjdk-amd64/jre/lib/amd64/libfontmanager.so
7ff8c5a44000-7ff8c5a45000 rw-p 00000000 00:00 0 
7ff8c5a45000-7ff8c5a4a000 r-xp 00000000 08:01 1448890                    /usr/lib/x86_64-linux-gnu/libXdmcp.so.6.0.0
7ff8c5a4a000-7ff8c5c49000 ---p 00005000 08:01 1448890                    /usr/lib/x86_64-linux-gnu/libXdmcp.so.6.0.0
7ff8c5c49000-7ff8c5c4a000 r--p 00004000 08:01 1448890                    /usr/lib/x86_64-linux-gnu/libXdmcp.so.6.0.0
7ff8c5c4a000-7ff8c5c4b000 rw-p 00005000 08:01 1448890                    /usr/lib/x86_64-linux-gnu/libXdmcp.so.6.0.0
7ff8c5c4b000-7ff8c5c4d000 r-xp 00000000 08:01 1448879                    /usr/lib/x86_64-linux-gnu/libXau.so.6.0.0
7ff8c5c4d000-7ff8c5e4c000 ---p 00002000 08:01 1448879                    /usr/lib/x86_64-linux-gnu/libXau.so.6.0.0
7ff8c5e4c000-7ff8c5e4d000 r--p 00001000 08:01 1448879                    /usr/lib/x86_64-linux-gnu/libXau.so.6.0.0
7ff8c5e4d000-7ff8c5e4e000 rw-p 00002000 08:01 1448879                    /usr/lib/x86_64-linux-gnu/libXau.so.6.0.0
7ff8c5e4e000-7ff8c5e6b000 r-xp 00000000 08:01 1449502                    /usr/lib/x86_64-linux-gnu/libxcb.so.1.1.0
7ff8c5e6b000-7ff8c606a000 ---p 0001d000 08:01 1449502                    /usr/lib/x86_64-linux-gnu/libxcb.so.1.1.0
7ff8c606a000-7ff8c606b000 r--p 0001c000 08:01 1449502                    /usr/lib/x86_64-linux-gnu/libxcb.so.1.1.0
7ff8c606b000-7ff8c606c000 rw-p 0001d000 08:01 1449502                    /usr/lib/x86_64-linux-gnu/libxcb.so.1.1.0
7ff8c606c000-7ff8c607b000 r-xp 00000000 08:01 1443407                    /usr/lib/x86_64-linux-gnu/libXi.so.6.1.0
7ff8c607b000-7ff8c627a000 ---p 0000f000 08:01 1443407                    /usr/lib/x86_64-linux-gnu/libXi.so.6.1.0
7ff8c627a000-7ff8c627b000 r--p 0000e000 08:01 1443407                    /usr/lib/x86_64-linux-gnu/libXi.so.6.1.0
7ff8c627b000-7ff8c627c000 rw-p 0000f000 08:01 1443407                    /usr/lib/x86_64-linux-gnu/libXi.so.6.1.0
7ff8c627c000-7ff8c6281000 r-xp 00000000 08:01 1448918                    /usr/lib/x86_64-linux-gnu/libXtst.so.6.1.0
7ff8c6281000-7ff8c6480000 ---p 00005000 08:01 1448918                    /usr/lib/x86_64-linux-gnu/libXtst.so.6.1.0
7ff8c6480000-7ff8c6481000 r--p 00004000 08:01 1448918                    /usr/lib/x86_64-linux-gnu/libXtst.so.6.1.0
7ff8c6481000-7ff8c6482000 rw-p 00005000 08:01 1448918                    /usr/lib/x86_64-linux-gnu/libXtst.so.6.1.0
7ff8c6482000-7ff8c648b000 r-xp 00000000 08:01 1448912                    /usr/lib/x86_64-linux-gnu/libXrender.so.1.3.0
7ff8c648b000-7ff8c668a000 ---p 00009000 08:01 1448912                    /usr/lib/x86_64-linux-gnu/libXrender.so.1.3.0
7ff8c668a000-7ff8c668b000 r--p 00008000 08:01 1448912                    /usr/lib/x86_64-linux-gnu/libXrender.so.1.3.0
7ff8c668b000-7ff8c668c000 rw-p 00009000 08:01 1448912                    /usr/lib/x86_64-linux-gnu/libXrender.so.1.3.0
7ff8c668c000-7ff8c67bc000 r-xp 00000000 08:01 1443401                    /usr/lib/x86_64-linux-gnu/libX11.so.6.3.0
7ff8c67bc000-7ff8c69bc000 ---p 00130000 08:01 1443401                    /usr/lib/x86_64-linux-gnu/libX11.so.6.3.0
7ff8c69bc000-7ff8c69bd000 r--p 00130000 08:01 1443401                    /usr/lib/x86_64-linux-gnu/libX11.so.6.3.0
7ff8c69bd000-7ff8c69c1000 rw-p 00131000 08:01 1443401                    /usr/lib/x86_64-linux-gnu/libX11.so.6.3.0
7ff8c69c1000-7ff8c69d1000 r-xp 00000000 08:01 1448892                    /usr/lib/x86_64-linux-gnu/libXext.so.6.4.0
7ff8c69d1000-7ff8c6bd0000 ---p 00010000 08:01 1448892                    /usr/lib/x86_64-linux-gnu/libXext.so.6.4.0
7ff8c6bd0000-7ff8c6bd1000 r--p 0000f000 08:01 1448892                    /usr/lib/x86_64-linux-gnu/libXext.so.6.4.0
7ff8c6bd1000-7ff8c6bd2000 rw-p 00010000 08:01 1448892                    /usr/lib/x86_64-linux-gnu/libXext.so.6.4.0
7ff8c6bd2000-7ff8c6c1f000 r-xp 00000000 08:01 1969847                    /usr/lib/jvm/java-6-openjdk-amd64/jre/lib/amd64/xawt/libmawt.so
7ff8c6c1f000-7ff8c6e1f000 ---p 0004d000 08:01 1969847                    /usr/lib/jvm/java-6-openjdk-amd64/jre/lib/amd64/xawt/libmawt.so
7ff8c6e1f000-7ff8c6e20000 r--p 0004d000 08:01 1969847                    /usr/lib/jvm/java-6-openjdk-amd64/jre/lib/amd64/xawt/libmawt.so
7ff8c6e20000-7ff8c6e23000 rw-p 0004e000 08:01 1969847                    /usr/lib/jvm/java-6-openjdk-amd64/jre/lib/amd64/xawt/libmawt.so
7ff8c6e23000-7ff8c6e24000 rw-p 00000000 00:00 0 
7ff8c6e24000-7ff8c6ec6000 r-xp 00000000 08:01 1969696                    /usr/lib/jvm/java-6-openjdk-amd64/jre/lib/amd64/libawt.so
7ff8c6ec6000-7ff8c70c6000 ---p 000a2000 08:01 1969696                    /usr/lib/jvm/java-6-openjdk-amd64/jre/lib/amd64/libawt.so
7ff8c70c6000-7ff8c70c7000 r--p 000a2000 08:01 1969696                    /usr/lib/jvm/java-6-openjdk-amd64/jre/lib/amd64/libawt.so
7ff8c70c7000-7ff8c70d2000 rw-p 000a3000 08:01 1969696                    /usr/lib/jvm/java-6-openjdk-amd64/jre/lib/amd64/libawt.so
7ff8c70d2000-7ff8c70f7000 rw-p 00000000 00:00 0 
7ff8c70f7000-7ff8c70fa000 ---p 00000000 00:00 0 
7ff8c70fa000-7ff8c71f8000 rw-p 00000000 00:00 0 
7ff8c71f8000-7ff8c71f9000 ---p 00000000 00:00 0 
7ff8c71f9000-7ff8c72f9000 rw-p 00000000 00:00 0 
7ff8c72f9000-7ff8c72fc000 ---p 00000000 00:00 0 
7ff8c72fc000-7ff8c73fa000 rw-p 00000000 00:00 0 
7ff8c73fa000-7ff8c73fd000 ---p 00000000 00:00 0 
7ff8c73fd000-7ff8c74fb000 rw-p 00000000 00:00 0 
7ff8c74fb000-7ff8c74fe000 ---p 00000000 00:00 0 
7ff8c74fe000-7ff8c75fc000 rw-p 00000000 00:00 0 
7ff8c75fc000-7ff8c75ff000 ---p 00000000 00:00 0 
7ff8c75ff000-7ff8c76fd000 rw-p 00000000 00:00 0 
7ff8c76fd000-7ff8c7afb000 r--p 00000000 08:01 1445924                    /usr/lib/locale/locale-archive
7ff8c7afb000-7ff8c7afe000 ---p 00000000 00:00 0 
7ff8c7afe000-7ff8c7bfc000 rw-p 00000000 00:00 0 
7ff8c7bfc000-7ff8c7bff000 ---p 00000000 00:00 0 
7ff8c7bff000-7ff8c7cfd000 rw-p 00000000 00:00 0 
7ff8c7cfd000-7ff8c7cfe000 ---p 00000000 00:00 0 
7ff8c7cfe000-7ff8c8000000 rw-p 00000000 00:00 0 
7ff8c8000000-7ff8c8021000 rw-p 00000000 00:00 0 
7ff8c8021000-7ff8cc000000 ---p 00000000 00:00 0 
7ff8cc01b000-7ff8cc01f000 rw-s 00000000 00:04 23265286                   /SYSV00000000 (deleted)
7ff8cc01f000-7ff8cc028000 r--s 00000000 08:01 10223700                   /var/cache/fontconfig/945677eb7aeaf62f1d50efc3fb3ec7d8-le64.cache-3
7ff8cc028000-7ff8cc029000 r--s 00000000 08:01 10223683                   /var/cache/fontconfig/0fafd173547752dce4dee1a69e0b3c95-le64.cache-3
7ff8cc029000-7ff8cc032000 r--s 00000000 08:01 10229917                   /var/cache/fontconfig/6d41288fd70b0be22e8c3a91e032eec0-le64.cache-3
7ff8cc032000-7ff8cc033000 r--s 00000000 08:01 10223707                   /var/cache/fontconfig/dc05db6664285cc2f12bf69c139ae4c3-le64.cache-3
7ff8cc033000-7ff8cc036000 r--s 00000000 08:01 10227134                   /var/cache/fontconfig/7b79abe4499501fcd4e4826394083a53-le64.cache-3
7ff8cc036000-7ff8cc038000 r--s 00000000 08:01 10225568                   /var/cache/fontconfig/3a9914ff62a69b32234685a84fdc926d-le64.cache-3
7ff8cc038000-7ff8cc039000 r--s 00000000 08:01 10225567                   /var/cache/fontconfig/0b41ebd278d9388cf5d83f81d476c672-le64.cache-3
7ff8cc039000-7ff8cc03d000 r--s 00000000 08:01 10227133                   /var/cache/fontconfig/ea32c683f96734b73b6a7acf745d6442-le64.cache-3
7ff8cc03d000-7ff8cc040000 r--s 00000000 08:01 10223699                   /var/cache/fontconfig/8801497958630a81b71ace7c5f9b32a8-le64.cache-3
7ff8cc040000-7ff8cc041000 r--s 00000000 08:01 10225386                   /var/cache/fontconfig/b036df7bbb72844893df6bcf5570ea7f-le64.cache-3
7ff8cc041000-7ff8cc042000 r--s 00000000 08:01 10225385                   /var/cache/fontconfig/575107dd7452b4b2b2b1361909925bb4-le64.cache-3
7ff8cc042000-7ff8cc047000 r--s 00000000 08:01 10223686                   /var/cache/fontconfig/3047814df9a2f067bd2d96a2b9c36e5a-le64.cache-3
7ff8cc047000-7ff8cc049000 r--s 00000000 08:01 10225379                   /var/cache/fontconfig/12888573d3e05bfbe41d0040af4efeaa-le64.cache-3
7ff8cc049000-7ff8cc04a000 r--s 00000000 08:01 10225307                   /var/cache/fontconfig/0b3f2427388044a01a5738fa4b8cc9d1-le64.cache-3
7ff8cc04a000-7ff8cc04b000 r--s 00000000 08:01 10225306                   /var/cache/fontconfig/0941b6d3777f1e64883d36fd6d84a52f-le64.cache-3
7ff8cc04b000-7ff8cc05b000 r--s 00000000 08:01 10223705                   /var/cache/fontconfig/d52a8644073d54c13679302ca1180695-le64.cache-3
7ff8cc05b000-7ff8cc061000 r--s 00000000 08:01 10223689                   /var/cache/fontconfig/3f7329c5293ffd510edef78f73874cfd-le64.cache-3
7ff8cc061000-7ff8cc062000 r--s 00000000 08:01 10225261                   /var/cache/fontconfig/e8d703157d3641d20c7e900be2e8d091-le64.cache-3
7ff8cc062000-7ff8cc063000 r--s 00000000 08:01 10225231                   /var/cache/fontconfig/6a6dfed4a7d1e4367ef225093de82110-le64.cache-3
7ff8cc063000-7ff8cc065000 r--s 00000000 08:01 10228908                   /var/cache/fontconfig/e13b20fdb08344e0e664864cc2ede53d-le64.cache-3
7ff8cc065000-7ff8cc067000 r--s 00000000 08:01 6425836                    /home/colby/.fontconfig/1d48e99075306d41c1a261fed30c0e6a-le64.cache-3
7ff8cc067000-7ff8cc06a000 r--s 00000000 08:01 6425742                    /home/colby/.fontconfig/d4ccb8fcc1ee99fe91805fc9f54dc883-le64.cache-3
7ff8cc06a000-7ff8cc073000 r--s 00000000 08:01 10223700                   /var/cache/fontconfig/945677eb7aeaf62f1d50efc3fb3ec7d8-le64.cache-3
7ff8cc073000-7ff8cc074000 r--s 00000000 08:01 10223683                   /var/cache/fontconfig/0fafd173547752dce4dee1a69e0b3c95-le64.cache-3
7ff8cc074000-7ff8cc07d000 r--s 00000000 08:01 10229917                   /var/cache/fontconfig/6d41288fd70b0be22e8c3a91e032eec0-le64.cache-3
7ff8cc07d000-7ff8cc07e000 r--s 00000000 08:01 10223707                   /var/cache/fontconfig/dc05db6664285cc2f12bf69c139ae4c3-le64.cache-3
7ff8cc07e000-7ff8cc081000 r--s 00000000 08:01 10227134                   /var/cache/fontconfig/7b79abe4499501fcd4e4826394083a53-le64.cache-3
7ff8cc081000-7ff8cc083000 r--s 00000000 08:01 10225568                   /var/cache/fontconfig/3a9914ff62a69b32234685a84fdc926d-le64.cache-3
7ff8cc083000-7ff8cc084000 r--s 00000000 08:01 10225567                   /var/cache/fontconfig/0b41ebd278d9388cf5d83f81d476c672-le64.cache-3
7ff8cc084000-7ff8cc088000 r--s 00000000 08:01 10227133                   /var/cache/fontconfig/ea32c683f96734b73b6a7acf745d6442-le64.cache-3
7ff8cc088000-7ff8cc08b000 r--s 00000000 08:01 10223699                   /var/cache/fontconfig/8801497958630a81b71ace7c5f9b32a8-le64.cache-3
7ff8cc08b000-7ff8cc08c000 r--s 00000000 08:01 10225386                   /var/cache/fontconfig/b036df7bbb72844893df6bcf5570ea7f-le64.cache-3
7ff8cc08c000-7ff8cc08d000 r--s 00000000 08:01 10225385                   /var/cache/fontconfig/575107dd7452b4b2b2b1361909925bb4-le64.cache-3
7ff8cc08d000-7ff8cc092000 r--s 00000000 08:01 10223686                   /var/cache/fontconfig/3047814df9a2f067bd2d96a2b9c36e5a-le64.cache-3
7ff8cc092000-7ff8cc094000 r--s 00000000 08:01 10225379                   /var/cache/fontconfig/12888573d3e05bfbe41d0040af4efeaa-le64.cache-3
7ff8cc094000-7ff8cc095000 r--s 00000000 08:01 10225307                   /var/cache/fontconfig/0b3f2427388044a01a5738fa4b8cc9d1-le64.cache-3
7ff8cc095000-7ff8cc096000 r--s 00000000 08:01 10225306                   /var/cache/fontconfig/0941b6d3777f1e64883d36fd6d84a52f-le64.cache-3
7ff8cc096000-7ff8cc0a6000 r--s 00000000 08:01 10223705                   /var/cache/fontconfig/d52a8644073d54c13679302ca1180695-le64.cache-3
7ff8cc0a6000-7ff8cc0ac000 r--s 00000000 08:01 10223689                   /var/cache/fontconfig/3f7329c5293ffd510edef78f73874cfd-le64.cache-3
7ff8cc0ac000-7ff8cc0b3000 r--s 00054000 08:01 1579934                    /usr/lib/jvm/java-6-openjdk-common/jre/lib/resources.jar
7ff8cc0b3000-7ff8cd000000 rw-p 00000000 00:00 0 
7ff8cd000000-7ff8cd320000 rwxp 00000000 00:00 0 
7ff8cd320000-7ff8d0575000 rw-p 00000000 00:00 0 
7ff8d0575000-7ff8d4000000 ---p 00000000 00:00 0 
7ff8d4000000-7ff8d4001000 r--s 00000000 08:01 10225261                   /var/cache/fontconfig/e8d703157d3641d20c7e900be2e8d091-le64.cache-3
7ff8d4001000-7ff8d4002000 r--s 00000000 08:01 10225231                   /var/cache/fontconfig/6a6dfed4a7d1e4367ef225093de82110-le64.cache-3
7ff8d4002000-7ff8d4004000 r--s 00000000 08:01 10228908                   /var/cache/fontconfig/e13b20fdb08344e0e664864cc2ede53d-le64.cache-3
7ff8d4004000-7ff8d4006000 r--s 00000000 08:01 6425836                    /home/colby/.fontconfig/1d48e99075306d41c1a261fed30c0e6a-le64.cache-3
7ff8d4006000-7ff8d400a000 r--s 0003c000 08:01 1579927                    /usr/lib/jvm/java-6-openjdk-common/jre/lib/jsse.jar
7ff8d400a000-7ff8d4028000 r--s 002f3000 08:01 6424199                    /home/colby/cs61c/autostereogram/Mars4_4.jar
7ff8d4028000-7ff8d402c000 r--s 00039000 08:01 1713983                    /usr/lib/jvm/java-6-openjdk-common/jre/lib/ext/sunpkcs11.jar
7ff8d402c000-7ff8d402f000 r--s 00077000 08:01 1713981                    /usr/lib/jvm/java-6-openjdk-common/jre/lib/ext/localedata.jar
7ff8d402f000-7ff8d4031000 r--s 00001000 08:01 1713979                    /usr/lib/jvm/java-6-openjdk-common/jre/lib/ext/dnsns.jar
7ff8d4031000-7ff8d4032000 r--s 00007000 08:01 1579949                    /usr/share/java/java-atk-wrapper.jar
7ff8d4032000-7ff8d4035000 r--s 00031000 08:01 1713982                    /usr/lib/jvm/java-6-openjdk-common/jre/lib/ext/sunjce_provider.jar
7ff8d4035000-7ff8d4037000 r--s 0000f000 08:01 1713980                    /usr/lib/jvm/java-6-openjdk-common/jre/lib/ext/pulse-java.jar
7ff8d4037000-7ff8d4055000 r--s 002f3000 08:01 6424199                    /home/colby/cs61c/autostereogram/Mars4_4.jar
7ff8d4055000-7ff8d4189000 rw-p 00000000 00:00 0 
7ff8d4189000-7ff8d431f000 r--s 01a15000 08:01 1969714                    /usr/lib/jvm/java-6-openjdk-amd64/jre/lib/rt.jar
7ff8d431f000-7ff8d66af000 rw-p 00000000 00:00 0 
7ff8d66af000-7ff8d66b0000 ---p 00000000 00:00 0 
7ff8d66b0000-7ff8d67b0000 rw-p 00000000 00:00 0 
7ff8d67b0000-7ff8d67b1000 ---p 00000000 00:00 0 
7ff8d67b1000-7ff8d68bd000 rw-p 00000000 00:00 0 
7ff8d68bd000-7ff8d6904000 rw-p 00000000 00:00 0 
7ff8d6904000-7ff8d6919000 rw-p 00000000 00:00 0 
7ff8d6919000-7ff8d6a48000 rw-p 00000000 00:00 0 
7ff8d6a48000-7ff8d6a54000 rw-p 00000000 00:00 0 
7ff8d6a54000-7ff8d6a9b000 rw-p 00000000 00:00 0 
7ff8d6a9b000-7ff8d6ab0000 rw-p 00000000 00:00 0 
7ff8d6ab0000-7ff8d6bdf000 rw-p 00000000 00:00 0 
7ff8d6bdf000-7ff8d6be9000 rw-p 00000000 00:00 0 
7ff8d6be9000-7ff8d6beb000 ---p 00000000 00:00 0 
7ff8d6beb000-7ff8d6c81000 rw-p 00000000 00:00 0 
7ff8d6c81000-7ff8d6c82000 rw-p 00000000 00:00 0 
7ff8d6c82000-7ff8d6c89000 r-xp 00000000 08:01 1969699                    /usr/lib/jvm/java-6-openjdk-amd64/jre/lib/amd64/libzip.so
7ff8d6c89000-7ff8d6e88000 ---p 00007000 08:01 1969699                    /usr/lib/jvm/java-6-openjdk-amd64/jre/lib/amd64/libzip.so
7ff8d6e88000-7ff8d6e89000 r--p 00006000 08:01 1969699                    /usr/lib/jvm/java-6-openjdk-amd64/jre/lib/amd64/libzip.so
7ff8d6e89000-7ff8d6e8a000 rw-p 00007000 08:01 1969699                    /usr/lib/jvm/java-6-openjdk-amd64/jre/lib/amd64/libzip.so
7ff8d6e8a000-7ff8d6e96000 r-xp 00000000 08:01 2101672                    /lib/x86_64-linux-gnu/libnss_files-2.15.so
7ff8d6e96000-7ff8d7095000 ---p 0000c000 08:01 2101672                    /lib/x86_64-linux-gnu/libnss_files-2.15.so
7ff8d7095000-7ff8d7096000 r--p 0000b000 08:01 2101672                    /lib/x86_64-linux-gnu/libnss_files-2.15.so
7ff8d7096000-7ff8d7097000 rw-p 0000c000 08:01 2101672                    /lib/x86_64-linux-gnu/libnss_files-2.15.so
7ff8d7097000-7ff8d70a1000 r-xp 00000000 08:01 2101867                    /lib/x86_64-linux-gnu/libnss_nis-2.15.so
7ff8d70a1000-7ff8d72a1000 ---p 0000a000 08:01 2101867                    /lib/x86_64-linux-gnu/libnss_nis-2.15.so
7ff8d72a1000-7ff8d72a2000 r--p 0000a000 08:01 2101867                    /lib/x86_64-linux-gnu/libnss_nis-2.15.so
7ff8d72a2000-7ff8d72a3000 rw-p 0000b000 08:01 2101867                    /lib/x86_64-linux-gnu/libnss_nis-2.15.so
7ff8d72a3000-7ff8d72ba000 r-xp 00000000 08:01 2101902                    /lib/x86_64-linux-gnu/libnsl-2.15.so
7ff8d72ba000-7ff8d74b9000 ---p 00017000 08:01 2101902                    /lib/x86_64-linux-gnu/libnsl-2.15.so
7ff8d74b9000-7ff8d74ba000 r--p 00016000 08:01 2101902                    /lib/x86_64-linux-gnu/libnsl-2.15.so
7ff8d74ba000-7ff8d74bb000 rw-p 00017000 08:01 2101902                    /lib/x86_64-linux-gnu/libnsl-2.15.so
7ff8d74bb000-7ff8d74bd000 rw-p 00000000 00:00 0 
7ff8d74bd000-7ff8d74c5000 r-xp 00000000 08:01 2101616                    /lib/x86_64-linux-gnu/libnss_compat-2.15.so
7ff8d74c5000-7ff8d76c4000 ---p 00008000 08:01 2101616                    /lib/x86_64-linux-gnu/libnss_compat-2.15.so
7ff8d76c4000-7ff8d76c5000 r--p 00007000 08:01 2101616                    /lib/x86_64-linux-gnu/libnss_compat-2.15.so
7ff8d76c5000-7ff8d76c6000 rw-p 00008000 08:01 2101616                    /lib/x86_64-linux-gnu/libnss_compat-2.15.so
7ff8d76c6000-7ff8d76f3000 r-xp 00000000 08:01 1969676                    /usr/lib/jvm/java-6-openjdk-amd64/jre/lib/amd64/libjava.so
7ff8d76f3000-7ff8d78f2000 ---p 0002d000 08:01 1969676                    /usr/lib/jvm/java-6-openjdk-amd64/jre/lib/amd64/libjava.so
7ff8d78f2000-7ff8d78f3000 r--p 0002c000 08:01 1969676                    /usr/lib/jvm/java-6-openjdk-amd64/jre/lib/amd64/libjava.so
7ff8d78f3000-7ff8d78f6000 rw-p 0002d000 08:01 1969676                    /usr/lib/jvm/java-6-openjdk-amd64/jre/lib/amd64/libjava.so
7ff8d78f6000-7ff8d7904000 r-xp 00000000 08:01 1969694                    /usr/lib/jvm/java-6-openjdk-amd64/jre/lib/amd64/libverify.so
7ff8d7904000-7ff8d7b03000 ---p 0000e000 08:01 1969694                    /usr/lib/jvm/java-6-openjdk-amd64/jre/lib/amd64/libverify.so
7ff8d7b03000-7ff8d7b05000 r--p 0000d000 08:01 1969694                    /usr/lib/jvm/java-6-openjdk-amd64/jre/lib/amd64/libverify.so
7ff8d7b05000-7ff8d7b06000 rw-p 0000f000 08:01 1969694                    /usr/lib/jvm/java-6-openjdk-amd64/jre/lib/amd64/libverify.so
7ff8d7b06000-7ff8d7b0d000 r-xp 00000000 08:01 2101866                    /lib/x86_64-linux-gnu/librt-2.15.so
7ff8d7b0d000-7ff8d7d0c000 ---p 00007000 08:01 2101866                    /lib/x86_64-linux-gnu/librt-2.15.so
7ff8d7d0c000-7ff8d7d0d000 r--p 00006000 08:01 2101866                    /lib/x86_64-linux-gnu/librt-2.15.so
7ff8d7d0d000-7ff8d7d0e000 rw-p 00007000 08:01 2101866                    /lib/x86_64-linux-gnu/librt-2.15.so
7ff8d7d0e000-7ff8d7d23000 r-xp 00000000 08:01 2100756                    /lib/x86_64-linux-gnu/libgcc_s.so.1
7ff8d7d23000-7ff8d7f22000 ---p 00015000 08:01 2100756                    /lib/x86_64-linux-gnu/libgcc_s.so.1
7ff8d7f22000-7ff8d7f23000 r--p 00014000 08:01 2100756                    /lib/x86_64-linux-gnu/libgcc_s.so.1
7ff8d7f23000-7ff8d7f24000 rw-p 00015000 08:01 2100756                    /lib/x86_64-linux-gnu/libgcc_s.so.1
7ff8d7f24000-7ff8d801f000 r-xp 00000000 08:01 2101870                    /lib/x86_64-linux-gnu/libm-2.15.so
7ff8d801f000-7ff8d821e000 ---p 000fb000 08:01 2101870                    /lib/x86_64-linux-gnu/libm-2.15.so
7ff8d821e000-7ff8d821f000 r--p 000fa000 08:01 2101870                    /lib/x86_64-linux-gnu/libm-2.15.so
7ff8d821f000-7ff8d8220000 rw-p 000fb000 08:01 2101870                    /lib/x86_64-linux-gnu/libm-2.15.so
7ff8d8220000-7ff8d8302000 r-xp 00000000 08:01 1449434                    /usr/lib/x86_64-linux-gnu/libstdc++.so.6.0.16
7ff8d8302000-7ff8d8501000 ---p 000e2000 08:01 1449434                    /usr/lib/x86_64-linux-gnu/libstdc++.so.6.0.16
7ff8d8501000-7ff8d8509000 r--p 000e1000 08:01 1449434                    /usr/lib/x86_64-linux-gnu/libstdc++.so.6.0.16
7ff8d8509000-7ff8d850b000 rw-p 000e9000 08:01 1449434                    /usr/lib/x86_64-linux-gnu/libstdc++.so.6.0.16
7ff8d850b000-7ff8d8520000 rw-p 00000000 00:00 0 
7ff8d8520000-7ff8d8ef6000 r-xp 00000000 08:01 1969681                    /usr/lib/jvm/java-6-openjdk-amd64/jre/lib/amd64/server/libjvm.so
7ff8d8ef6000-7ff8d90f5000 ---p 009d6000 08:01 1969681                    /usr/lib/jvm/java-6-openjdk-amd64/jre/lib/amd64/server/libjvm.so
7ff8d90f5000-7ff8d9174000 r--p 009d5000 08:01 1969681                    /usr/lib/jvm/java-6-openjdk-amd64/jre/lib/amd64/server/libjvm.so
7ff8d9174000-7ff8d9197000 rw-p 00a54000 08:01 1969681                    /usr/lib/jvm/java-6-openjdk-amd64/jre/lib/amd64/server/libjvm.so
7ff8d9197000-7ff8d91c1000 rw-p 00000000 00:00 0 
7ff8d91c1000-7ff8d91d7000 r-xp 00000000 08:01 2100846                    /lib/x86_64-linux-gnu/libz.so.1.2.3.4
7ff8d91d7000-7ff8d93d6000 ---p 00016000 08:01 2100846                    /lib/x86_64-linux-gnu/libz.so.1.2.3.4
7ff8d93d6000-7ff8d93d7000 r--p 00015000 08:01 2100846                    /lib/x86_64-linux-gnu/libz.so.1.2.3.4
7ff8d93d7000-7ff8d93d8000 rw-p 00016000 08:01 2100846                    /lib/x86_64-linux-gnu/libz.so.1.2.3.4
7ff8d93d8000-7ff8d958d000 r-xp 00000000 08:01 2101495                    /lib/x86_64-linux-gnu/libc-2.15.so
7ff8d958d000-7ff8d978c000 ---p 001b5000 08:01 2101495                    /lib/x86_64-linux-gnu/libc-2.15.so
7ff8d978c000-7ff8d9790000 r--p 001b4000 08:01 2101495                    /lib/x86_64-linux-gnu/libc-2.15.so
7ff8d9790000-7ff8d9792000 rw-p 001b8000 08:01 2101495                    /lib/x86_64-linux-gnu/libc-2.15.so
7ff8d9792000-7ff8d9797000 rw-p 00000000 00:00 0 
7ff8d9797000-7ff8d9799000 r-xp 00000000 08:01 2101897                    /lib/x86_64-linux-gnu/libdl-2.15.so
7ff8d9799000-7ff8d9999000 ---p 00002000 08:01 2101897                    /lib/x86_64-linux-gnu/libdl-2.15.so
7ff8d9999000-7ff8d999a000 r--p 00002000 08:01 2101897                    /lib/x86_64-linux-gnu/libdl-2.15.so
7ff8d999a000-7ff8d999b000 rw-p 00003000 08:01 2101897                    /lib/x86_64-linux-gnu/libdl-2.15.so
7ff8d999b000-7ff8d999f000 r-xp 00000000 08:01 1969685                    /usr/lib/jvm/java-6-openjdk-amd64/jre/lib/amd64/jli/libjli.so
7ff8d999f000-7ff8d9b9e000 ---p 00004000 08:01 1969685                    /usr/lib/jvm/java-6-openjdk-amd64/jre/lib/amd64/jli/libjli.so
7ff8d9b9e000-7ff8d9b9f000 r--p 00003000 08:01 1969685                    /usr/lib/jvm/java-6-openjdk-amd64/jre/lib/amd64/jli/libjli.so
7ff8d9b9f000-7ff8d9ba0000 rw-p 00004000 08:01 1969685                    /usr/lib/jvm/java-6-openjdk-amd64/jre/lib/amd64/jli/libjli.so
7ff8d9ba0000-7ff8d9bb8000 r-xp 00000000 08:01 2101868                    /lib/x86_64-linux-gnu/libpthread-2.15.so
7ff8d9bb8000-7ff8d9db7000 ---p 00018000 08:01 2101868                    /lib/x86_64-linux-gnu/libpthread-2.15.so
7ff8d9db7000-7ff8d9db8000 r--p 00017000 08:01 2101868                    /lib/x86_64-linux-gnu/libpthread-2.15.so
7ff8d9db8000-7ff8d9db9000 rw-p 00018000 08:01 2101868                    /lib/x86_64-linux-gnu/libpthread-2.15.so
7ff8d9db9000-7ff8d9dbd000 rw-p 00000000 00:00 0 
7ff8d9dbd000-7ff8d9ddf000 r-xp 00000000 08:01 2101877                    /lib/x86_64-linux-gnu/ld-2.15.so
7ff8d9de0000-7ff8d9e15000 rw-p 00000000 00:00 0 
7ff8d9e15000-7ff8d9ec8000 rw-p 00000000 00:00 0 
7ff8d9ec8000-7ff8d9ecb000 ---p 00000000 00:00 0 
7ff8d9ecb000-7ff8d9fce000 rw-p 00000000 00:00 0 
7ff8d9fce000-7ff8d9fcf000 r--s 00000000 08:01 6425835                    /home/colby/.fontconfig/e7770f1fa4d5e546d145b3a3ad1b3276-le64.cache-3
7ff8d9fcf000-7ff8d9fd2000 r--s 00000000 08:01 6425742                    /home/colby/.fontconfig/d4ccb8fcc1ee99fe91805fc9f54dc883-le64.cache-3
7ff8d9fd2000-7ff8d9fd3000 r--s 00000000 08:01 6425835                    /home/colby/.fontconfig/e7770f1fa4d5e546d145b3a3ad1b3276-le64.cache-3
7ff8d9fd3000-7ff8d9fdb000 rw-s 00000000 08:01 14288038                   /tmp/hsperfdata_colby/3755
7ff8d9fdb000-7ff8d9fdc000 rw-p 00000000 00:00 0 
7ff8d9fdc000-7ff8d9fdd000 r--p 00000000 00:00 0 
7ff8d9fdd000-7ff8d9fdf000 rw-p 00000000 00:00 0 
7ff8d9fdf000-7ff8d9fe0000 r--p 00022000 08:01 2101877                    /lib/x86_64-linux-gnu/ld-2.15.so
7ff8d9fe0000-7ff8d9fe2000 rw-p 00023000 08:01 2101877                    /lib/x86_64-linux-gnu/ld-2.15.so
7fff739b6000-7fff739ec000 rw-p 00000000 00:00 0                          [stack]
7fff739fd000-7fff739fe000 r-xp 00000000 00:00 0                          [vdso]
ffffffffff600000-ffffffffff601000 r-xp 00000000 00:00 0                  [vsyscall]

VM Arguments:
java_command: Mars4_4.jar
Launcher Type: SUN_STANDARD

Environment Variables:
PATH=/usr/lib/lightdm/lightdm:/usr/local/sbin:/usr/local/bin:/usr/sbin:/usr/bin:/sbin:/bin:/usr/games
LD_LIBRARY_PATH=/usr/lib/jvm/java-6-openjdk-amd64/jre/lib/amd64/server:/usr/lib/jvm/java-6-openjdk-amd64/jre/lib/amd64:/usr/lib/jvm/java-6-openjdk-amd64/jre/../lib/amd64
SHELL=/usr/bin/zsh
DISPLAY=:0

Signal Handlers:
SIGSEGV: [libjvm.so+0x83d2c0], sa_mask[0]=0x7ffbfeff, sa_flags=0x10000004
SIGBUS: [libjvm.so+0x83d2c0], sa_mask[0]=0x7ffbfeff, sa_flags=0x10000004
SIGFPE: [libjvm.so+0x6ddeb0], sa_mask[0]=0x7ffbfeff, sa_flags=0x10000004
SIGPIPE: [libjvm.so+0x6ddeb0], sa_mask[0]=0x7ffbfeff, sa_flags=0x10000004
SIGXFSZ: [libjvm.so+0x6ddeb0], sa_mask[0]=0x7ffbfeff, sa_flags=0x10000004
SIGILL: [libjvm.so+0x6ddeb0], sa_mask[0]=0x7ffbfeff, sa_flags=0x10000004
SIGUSR1: SIG_DFL, sa_mask[0]=0x00000000, sa_flags=0x00000000
SIGUSR2: [libjvm.so+0x6de2f0], sa_mask[0]=0x00000000, sa_flags=0x10000004
SIGHUP: [libjvm.so+0x6de430], sa_mask[0]=0x7ffbfeff, sa_flags=0x10000004
SIGINT: [libjvm.so+0x6de430], sa_mask[0]=0x7ffbfeff, sa_flags=0x10000004
SIGTERM: [libjvm.so+0x6de430], sa_mask[0]=0x7ffbfeff, sa_flags=0x10000004
SIGQUIT: [libjvm.so+0x6de430], sa_mask[0]=0x7ffbfeff, sa_flags=0x10000004


---------------  S Y S T E M  ---------------

OS:"elementary OS" 0.2.1 (luna)
uname:Linux 3.2.0-69-generic #103-Ubuntu SMP Tue Sep 2 05:02:14 UTC 2014 x86_64
libc:glibc 2.15 NPTL 2.15 
rlimit: STACK 8192k, CORE 0k, NPROC 30907, NOFILE 4096, AS infinity
load average:0.10 0.07 0.09

/proc/meminfo:
MemTotal:        3979600 kB
MemFree:         2359896 kB
Buffers:           47716 kB
Cached:           827328 kB
SwapCached:            0 kB
Active:           825660 kB
Inactive:         642444 kB
Active(anon):     593788 kB
Inactive(anon):   169840 kB
Active(file):     231872 kB
Inactive(file):   472604 kB
Unevictable:           0 kB
Mlocked:               0 kB
SwapTotal:       4122620 kB
SwapFree:        4122620 kB
Dirty:               916 kB
Writeback:             0 kB
AnonPages:        593060 kB
Mapped:           125808 kB
Shmem:            170572 kB
Slab:              54252 kB
SReclaimable:      29416 kB
SUnreclaim:        24836 kB
KernelStack:        2952 kB
PageTables:        21716 kB
NFS_Unstable:          0 kB
Bounce:                0 kB
WritebackTmp:          0 kB
CommitLimit:     6112420 kB
Committed_AS:    2559944 kB
VmallocTotal:   34359738367 kB
VmallocUsed:      359888 kB
VmallocChunk:   34359375336 kB
HardwareCorrupted:     0 kB
AnonHugePages:         0 kB
HugePages_Total:       0
HugePages_Free:        0
HugePages_Rsvd:        0
HugePages_Surp:        0
Hugepagesize:       2048 kB
DirectMap4k:       75776 kB
DirectMap2M:     4048896 kB


CPU:total 2 (2 cores per cpu, 1 threads per core) family 6 model 23 stepping 10, cmov, cx8, fxsr, mmx, sse, sse2, sse3, ssse3, sse4.1, tsc

/proc/cpuinfo:
processor	: 0
vendor_id	: GenuineIntel
cpu family	: 6
model		: 23
model name	: Intel(R) Core(TM)2 Duo CPU     T6400  @ 2.00GHz
stepping	: 10
microcode	: 0xa07
cpu MHz		: 1200.000
cache size	: 2048 KB
physical id	: 0
siblings	: 2
core id		: 0
cpu cores	: 2
apicid		: 0
initial apicid	: 0
fpu		: yes
fpu_exception	: yes
cpuid level	: 13
wp		: yes
flags		: fpu vme de pse tsc msr pae mce cx8 apic sep mtrr pge mca cmov pat pse36 clflush dts acpi mmx fxsr sse sse2 ss ht tm pbe syscall nx lm constant_tsc arch_perfmon pebs bts rep_good nopl aperfmperf pni dtes64 monitor ds_cpl est tm2 ssse3 cx16 xtpr pdcm sse4_1 xsave lahf_lm dtherm
bogomips	: 3990.43
clflush size	: 64
cache_alignment	: 64
address sizes	: 36 bits physical, 48 bits virtual
power management:

processor	: 1
vendor_id	: GenuineIntel
cpu family	: 6
model		: 23
model name	: Intel(R) Core(TM)2 Duo CPU     T6400  @ 2.00GHz
stepping	: 10
microcode	: 0xa07
cpu MHz		: 1200.000
cache size	: 2048 KB
physical id	: 0
siblings	: 2
core id		: 1
cpu cores	: 2
apicid		: 1
initial apicid	: 1
fpu		: yes
fpu_exception	: yes
cpuid level	: 13
wp		: yes
flags		: fpu vme de pse tsc msr pae mce cx8 apic sep mtrr pge mca cmov pat pse36 clflush dts acpi mmx fxsr sse sse2 ss ht tm pbe syscall nx lm constant_tsc arch_perfmon pebs bts rep_good nopl aperfmperf pni dtes64 monitor ds_cpl est tm2 ssse3 cx16 xtpr pdcm sse4_1 xsave lahf_lm dtherm
bogomips	: 3990.44
clflush size	: 64
cache_alignment	: 64
address sizes	: 36 bits physical, 48 bits virtual
power management:



Memory: 4k page, physical 3979600k(2359896k free), swap 4122620k(4122620k free)

vm_info: OpenJDK 64-Bit Server VM (23.25-b01) for linux-amd64 JRE (1.6.0_32-b32), built on Aug  6 2014 17:00:19 by "buildd" with gcc 4.6.3

time: Mon Sep 29 22:59:08 2014
elapsed time: 5113 seconds

