#
# A fatal error has been detected by the Java Runtime Environment:
#
#  SIGSEGV (0xb) at pc=0x00007fd3dd2e9497, pid=12372, tid=140547739444992
#
# JRE version: 6.0_32-b32
# Java VM: OpenJDK 64-Bit Server VM (23.25-b01 mixed mode linux-amd64 compressed oops)
# Derivative: IcedTea6 1.13.4
# Distribution: Ubuntu 12.04 LTS, package 6b32-1.13.4-4ubuntu0.12.04.2
# Problematic frame:
# J  java.awt.Container.validate()V
#
# Failed to write core dump. Core dumps have been disabled. To enable core dumping, try "ulimit -c unlimited" before starting Java again
#
# If you would like to submit a bug report, please include
# instructions how to reproduce the bug and visit:
#   https://bugs.launchpad.net/ubuntu/+source/openjdk-6/
#

---------------  T H R E A D  ---------------

Current thread (0x00007fd3e05c0000):  JavaThread "AWT-EventQueue-1" [_thread_in_Java, id=12389, stack(0x00007fd3d2056000,0x00007fd3d2157000)]

siginfo:si_signo=SIGSEGV: si_errno=0, si_code=1 (SEGV_MAPERR), si_addr=0x0000000000000008

Registers:
RAX=0x0000000000000000, RBX=0x00000000c3696dc0, RCX=0x00000000c37f79c0, RDX=0x0000000000000000
RSP=0x00007fd3d2154600, RBP=0x0000000000000000, RSI=0x00000000c34233f0, RDI=0x00000000c3696dc0
R8 =0x0000000000000000, R9 =0x00000000c3696dc0, R10=0x00000000c37f79c0, R11=0x00000000ec2413d8
R12=0x0000000000000000, R13=0x00000000c357c320, R14=0x00007fd3d21545e0, R15=0x00007fd3e05c0000
RIP=0x00007fd3dd2e9497, EFLAGS=0x0000000000010246, CSGSFS=0x0000000000000033, ERR=0x0000000000000004
  TRAPNO=0x000000000000000e

Top of Stack: (sp=0x00007fd3d2154600)
0x00007fd3d2154600:   00000000c3696dc0 00000000c37f8110
0x00007fd3d2154610:   00000000c3696dc0 00000000c34233f0
0x00007fd3d2154620:   00007fd3a0287b10 00007fd3a0287b78
0x00007fd3d2154630:   0000000000000000 0000000000000007
0x00007fd3d2154640:   0000000000000001 00007fd3d2154638
0x00007fd3d2154650:   00007fd3d21546b0 00007fd3dd005e9a
0x00007fd3d2154660:   00007fd3dd005e9a 00000000c375be40
0x00007fd3d2154670:   00007fd3d2154670 00000000ba220794
0x00007fd3d2154680:   00007fd3d21546c0 00000000ba220bb0
0x00007fd3d2154690:   0000000000000000 00000000ba2207b0
0x00007fd3d21546a0:   00007fd3d2154668 00007fd3d21546c0
0x00007fd3d21546b0:   00007fd3d2154708 00007fd3dd005ff3
0x00007fd3d21546c0:   00000000ec26ca60 00007fd3d21546c8
0x00007fd3d21546d0:   00000000ba220881 00007fd3d2154718
0x00007fd3d21546e0:   00000000ba220bb0 0000000000000000
0x00007fd3d21546f0:   00000000ba220898 00007fd3d21546c0
0x00007fd3d2154700:   00007fd3d2154718 00007fd3d2154780
0x00007fd3d2154710:   00007fd3dd0004f7 00000000ec26ca60
0x00007fd3d2154720:   00007fd300001fa5 00007fd3b8008c28
0x00007fd3d2154730:   00007fd3d2154cc0 00007fd3d2154ba0
0x00007fd3d2154740:   00007fd3b8008c30 00007fd3e05c0000
0x00007fd3d2154750:   00007fd3d21547c0 00007fd3d2154cc8
0x00007fd3d2154760:   00007fd30000000c 00000000ba220898
0x00007fd3d2154770:   00007fd3dd00fb60 00007fd3d2154ba8
0x00007fd3d2154780:   00007fd3d2154860 00007fd3e6a5003f
0x00007fd3d2154790:   00007fd300000001 00007fd3e05c0000
0x00007fd3d21547a0:   00000000b8eb32f0 00007fd3e001abd0
0x00007fd3d21547b0:   00007fd3dd00fb60 010000000000000c
0x00007fd3d21547c0:   00007fd3e05c0000 00007fd3a000c490
0x00007fd3d21547d0:   00000000ba220898 00000000ec26ca60
0x00007fd3d21547e0:   00007fd3d2154dc0 00007fd3dd158143
0x00007fd3d21547f0:   0000000000000000 00007fd3d2154cc0 

Instructions: (pc=0x00007fd3dd2e9497)
0x00007fd3dd2e9477:   24 41 8b 6b 14 85 ed 74 0d 44 8b 5d 0c 45 85 db
0x00007fd3dd2e9487:   0f 85 5b 10 00 00 66 90 e8 2c 81 f4 ff 48 8b e8
0x00007fd3dd2e9497:   44 8b 58 08 4d 8b 53 68 49 b8 60 39 ae b9 00 00
0x00007fd3dd2e94a7:   00 00 4d 3b d0 0f 85 44 02 00 00 41 81 fb f8 59 

Register to memory mapping:

RAX=0x0000000000000000 is an unknown value
RBX=0x00000000c3696dc0 is an oop
java.util.concurrent.locks.ReentrantLock$NonfairSync 
 - klass: 'java/util/concurrent/locks/ReentrantLock$NonfairSync'
RCX=0x00000000c37f79c0 is an oop
java.awt.EventDispatchThread 
 - klass: 'java/awt/EventDispatchThread'
RDX=0x0000000000000000 is an unknown value
RSP=0x00007fd3d2154600 is pointing into the stack for thread: 0x00007fd3e05c0000
RBP=0x0000000000000000 is an unknown value
RSI=0x00000000c34233f0 is an oop
sun.misc.Unsafe 
 - klass: 'sun/misc/Unsafe'
RDI=0x00000000c3696dc0 is an oop
java.util.concurrent.locks.ReentrantLock$NonfairSync 
 - klass: 'java/util/concurrent/locks/ReentrantLock$NonfairSync'
R8 =0x0000000000000000 is an unknown value
R9 =0x00000000c3696dc0 is an oop
java.util.concurrent.locks.ReentrantLock$NonfairSync 
 - klass: 'java/util/concurrent/locks/ReentrantLock$NonfairSync'
R10=0x00000000c37f79c0 is an oop
java.awt.EventDispatchThread 
 - klass: 'java/awt/EventDispatchThread'
R11=0x00000000ec2413d8 is an oop
java.util.concurrent.locks.AbstractQueuedSynchronizer$Node 
 - klass: 'java/util/concurrent/locks/AbstractQueuedSynchronizer$Node'
R12=0x0000000000000000 is an unknown value
R13=0x00000000c357c320 is an oop
java.lang.reflect.Method 
 - klass: 'java/lang/reflect/Method'
R14=0x00007fd3d21545e0 is pointing into the stack for thread: 0x00007fd3e05c0000
R15=0x00007fd3e05c0000 is a thread


Stack: [0x00007fd3d2056000,0x00007fd3d2157000],  sp=0x00007fd3d2154600,  free space=1017k
Native frames: (J=compiled Java code, j=interpreted, Vv=VM code, C=native code)
J  java.awt.Container.validate()V

[error occurred during error reporting (printing native stack), id 0xb]


---------------  P R O C E S S  ---------------

Java Threads: ( => current thread )
  0x00007fd3a00e1000 JavaThread "TimerQueue" daemon [_thread_blocked, id=12402, stack(0x00007fd3d1cfb000,0x00007fd3d1dfc000)]
  0x00007fd3e0009000 JavaThread "DestroyJavaVM" [_thread_blocked, id=12373, stack(0x00007fd3e7edd000,0x00007fd3e7fde000)]
=>0x00007fd3e05c0000 JavaThread "AWT-EventQueue-1" [_thread_in_Java, id=12389, stack(0x00007fd3d2056000,0x00007fd3d2157000)]
  0x00007fd3e05b8800 JavaThread "AWT-Shutdown" [_thread_blocked, id=12388, stack(0x00007fd3d2157000,0x00007fd3d2258000)]
  0x00007fd3e0412000 JavaThread "AWT-XAWT" daemon [_thread_in_native, id=12386, stack(0x00007fd3d2ed9000,0x00007fd3d2fda000)]
  0x00007fd3e0360800 JavaThread "Java2D Disposer" daemon [_thread_blocked, id=12385, stack(0x00007fd3d33ea000,0x00007fd3d34eb000)]
  0x00007fd3e025f800 JavaThread "Timer-0" daemon [_thread_blocked, id=12384, stack(0x00007fd3d90e8000,0x00007fd3d91e9000)]
  0x00007fd3e00f6800 JavaThread "Low Memory Detector" daemon [_thread_blocked, id=12382, stack(0x00007fd3d9340000,0x00007fd3d9441000)]
  0x00007fd3e00f4000 JavaThread "C2 CompilerThread1" daemon [_thread_blocked, id=12381, stack(0x00007fd3d9441000,0x00007fd3d9542000)]
  0x00007fd3e00f1000 JavaThread "C2 CompilerThread0" daemon [_thread_blocked, id=12380, stack(0x00007fd3d9542000,0x00007fd3d9643000)]
  0x00007fd3e00ef000 JavaThread "Signal Dispatcher" daemon [_thread_blocked, id=12379, stack(0x00007fd3d9643000,0x00007fd3d9744000)]
  0x00007fd3e00a0000 JavaThread "Finalizer" daemon [_thread_blocked, id=12378, stack(0x00007fd3d9b42000,0x00007fd3d9c43000)]
  0x00007fd3e009e000 JavaThread "Reference Handler" daemon [_thread_blocked, id=12377, stack(0x00007fd3d9c43000,0x00007fd3d9d44000)]

Other Threads:
  0x00007fd3e008f000 VMThread [stack: 0x00007fd3d9d44000,0x00007fd3d9e45000] [id=12376]
  0x00007fd3e0101000 WatcherThread [stack: 0x00007fd3d923f000,0x00007fd3d9340000] [id=12383]

VM state:not at safepoint (normal execution)

VM Mutex/Monitor currently owned by a thread: None

Heap
 PSYoungGen      total 12160K, used 6737K [0x00000000ebc00000, 0x00000000eca80000, 0x0000000100000000)
  eden space 10112K, 65% used [0x00000000ebc00000,0x00000000ec274568,0x00000000ec5e0000)
  from space 2048K, 6% used [0x00000000ec880000,0x00000000ec8a0000,0x00000000eca80000)
  to   space 2368K, 0% used [0x00000000ec5e0000,0x00000000ec5e0000,0x00000000ec830000)
 ParOldGen       total 41472K, used 5975K [0x00000000c3400000, 0x00000000c5c80000, 0x00000000ebc00000)
  object space 41472K, 14% used [0x00000000c3400000,0x00000000c39d5d38,0x00000000c5c80000)
 PSPermGen       total 22784K, used 22638K [0x00000000b8e00000, 0x00000000ba440000, 0x00000000c3400000)
  object space 22784K, 99% used [0x00000000b8e00000,0x00000000ba41ba98,0x00000000ba440000)

Card table byte_map: [0x00007fd3e4a5d000,0x00007fd3e4c97000] byte_map_base: 0x00007fd3e4496000

Polling page: 0x00007fd3e7ff1000

Code Cache  [0x00007fd3dd000000, 0x00007fd3dd300000, 0x00007fd3e0000000)
 total_blobs=1440 nmethods=934 adapters=458 free_code_cache=46185Kb largest_free_block=47197120

Compilation events (10 events):
Event: 897.490 Thread 0x00007fd3e00f1000  980   !         sun.awt.X11.XGlobalCursorManager::getCursor (257 bytes)
Event: 897.495 Thread 0x00007fd3e00f1000 nmethod 980 0x00007fd3dd2c6b50 code [0x00007fd3dd2c6ce0, 0x00007fd3dd2c6f80]
Event: 899.616 Thread 0x00007fd3e00f4000  981             java.awt.ContainerOrderFocusTraversalPolicy::accept (61 bytes)
Event: 899.623 Thread 0x00007fd3e00f4000 nmethod 981 0x00007fd3dd2c6590 code [0x00007fd3dd2c6700, 0x00007fd3dd2c68c8]
Event: 904.480 Thread 0x00007fd3e00f1000  982             mars.venus.editors.jeditsyntax.TextAreaPainter::nextTabStop (32 bytes)
Event: 904.482 Thread 0x00007fd3e00f1000 nmethod 982 0x00007fd3dd2c6290 code [0x00007fd3dd2c63e0, 0x00007fd3dd2c64b8]
Event: 905.871 Thread 0x00007fd3e00f4000  983             java.awt.geom.AffineTransform::<init> (15 bytes)
Event: 905.872 Thread 0x00007fd3e00f4000 nmethod 983 0x00007fd3dd2b93d0 code [0x00007fd3dd2b9520, 0x00007fd3dd2b9578]
Event: 918.507 Thread 0x00007fd3e00f1000  984   !         java.awt.Container::validate (100 bytes)
Event: 918.843 Thread 0x00007fd3e00f1000 nmethod 984 0x00007fd3dd2e7bd0 code [0x00007fd3dd2e8900, 0x00007fd3dd2ee1b0]

GC Heap History (10 events):
Event: 763.202 GC heap before
{Heap before GC invocations=26 (full 2):
 PSYoungGen      total 11136K, used 11136K [0x00000000ebc00000, 0x00000000ecd10000, 0x0000000100000000)
  eden space 11072K, 100% used [0x00000000ebc00000,0x00000000ec6d0000,0x00000000ec6d0000)
  from space 64K, 100% used [0x00000000ec700000,0x00000000ec710000,0x00000000ec710000)
  to   space 3200K, 0% used [0x00000000ec9f0000,0x00000000ec9f0000,0x00000000ecd10000)
 ParOldGen       total 41472K, used 5903K [0x00000000c3400000, 0x00000000c5c80000, 0x00000000ebc00000)
  object space 41472K, 14% used [0x00000000c3400000,0x00000000c39c3d38,0x00000000c5c80000)
 PSPermGen       total 22784K, used 22607K [0x00000000b8e00000, 0x00000000ba440000, 0x00000000c3400000)
  object space 22784K, 99% used [0x00000000b8e00000,0x00000000ba413c50,0x00000000ba440000)
Event: 763.205 GC heap after
Heap after GC invocations=26 (full 2):
 PSYoungGen      total 13504K, used 160K [0x00000000ebc00000, 0x00000000ecc80000, 0x0000000100000000)
  eden space 10880K, 0% used [0x00000000ebc00000,0x00000000ebc00000,0x00000000ec6a0000)
  from space 2624K, 6% used [0x00000000ec9f0000,0x00000000eca18000,0x00000000ecc80000)
  to   space 3008K, 0% used [0x00000000ec6a0000,0x00000000ec6a0000,0x00000000ec990000)
 ParOldGen       total 41472K, used 5919K [0x00000000c3400000, 0x00000000c5c80000, 0x00000000ebc00000)
  object space 41472K, 14% used [0x00000000c3400000,0x00000000c39c7d38,0x00000000c5c80000)
 PSPermGen       total 22784K, used 22607K [0x00000000b8e00000, 0x00000000ba440000, 0x00000000c3400000)
  object space 22784K, 99% used [0x00000000b8e00000,0x00000000ba413c50,0x00000000ba440000)
}
Event: 791.428 GC heap before
{Heap before GC invocations=27 (full 2):
 PSYoungGen      total 13504K, used 11040K [0x00000000ebc00000, 0x00000000ecc80000, 0x0000000100000000)
  eden space 10880K, 100% used [0x00000000ebc00000,0x00000000ec6a0000,0x00000000ec6a0000)
  from space 2624K, 6% used [0x00000000ec9f0000,0x00000000eca18000,0x00000000ecc80000)
  to   space 3008K, 0% used [0x00000000ec6a0000,0x00000000ec6a0000,0x00000000ec990000)
 ParOldGen       total 41472K, used 5919K [0x00000000c3400000, 0x00000000c5c80000, 0x00000000ebc00000)
  object space 41472K, 14% used [0x00000000c3400000,0x00000000c39c7d38,0x00000000c5c80000)
 PSPermGen       total 22784K, used 22614K [0x00000000b8e00000, 0x00000000ba440000, 0x00000000c3400000)
  object space 22784K, 99% used [0x00000000b8e00000,0x00000000ba415938,0x00000000ba440000)
Event: 791.431 GC heap after
Heap after GC invocations=27 (full 2):
 PSYoungGen      total 10816K, used 128K [0x00000000ebc00000, 0x00000000ecbf0000, 0x0000000100000000)
  eden space 10688K, 0% used [0x00000000ebc00000,0x00000000ebc00000,0x00000000ec670000)
  from space 128K, 100% used [0x00000000ec6a0000,0x00000000ec6c0000,0x00000000ec6c0000)
  to   space 2816K, 0% used [0x00000000ec930000,0x00000000ec930000,0x00000000ecbf0000)
 ParOldGen       total 41472K, used 5927K [0x00000000c3400000, 0x00000000c5c80000, 0x00000000ebc00000)
  object space 41472K, 14% used [0x00000000c3400000,0x00000000c39c9d38,0x00000000c5c80000)
 PSPermGen       total 22784K, used 22614K [0x00000000b8e00000, 0x00000000ba440000, 0x00000000c3400000)
  object space 22784K, 99% used [0x00000000b8e00000,0x00000000ba415938,0x00000000ba440000)
}
Event: 806.352 GC heap before
{Heap before GC invocations=28 (full 2):
 PSYoungGen      total 10816K, used 10816K [0x00000000ebc00000, 0x00000000ecbf0000, 0x0000000100000000)
  eden space 10688K, 100% used [0x00000000ebc00000,0x00000000ec670000,0x00000000ec670000)
  from space 128K, 100% used [0x00000000ec6a0000,0x00000000ec6c0000,0x00000000ec6c0000)
  to   space 2816K, 0% used [0x00000000ec930000,0x00000000ec930000,0x00000000ecbf0000)
 ParOldGen       total 41472K, used 5927K [0x00000000c3400000, 0x00000000c5c80000, 0x00000000ebc00000)
  object space 41472K, 14% used [0x00000000c3400000,0x00000000c39c9d38,0x00000000c5c80000)
 PSPermGen       total 22784K, used 22618K [0x00000000b8e00000, 0x00000000ba440000, 0x00000000c3400000)
  object space 22784K, 99% used [0x00000000b8e00000,0x00000000ba416bf0,0x00000000ba440000)
Event: 806.354 GC heap after
Heap after GC invocations=28 (full 2):
 PSYoungGen      total 12864K, used 160K [0x00000000ebc00000, 0x00000000ecb80000, 0x0000000100000000)
  eden space 10496K, 0% used [0x00000000ebc00000,0x00000000ebc00000,0x00000000ec640000)
  from space 2368K, 6% used [0x00000000ec930000,0x00000000ec958000,0x00000000ecb80000)
  to   space 2688K, 0% used [0x00000000ec640000,0x00000000ec640000,0x00000000ec8e0000)
 ParOldGen       total 41472K, used 5943K [0x00000000c3400000, 0x00000000c5c80000, 0x00000000ebc00000)
  object space 41472K, 14% used [0x00000000c3400000,0x00000000c39cdd38,0x00000000c5c80000)
 PSPermGen       total 22784K, used 22618K [0x00000000b8e00000, 0x00000000ba440000, 0x00000000c3400000)
  object space 22784K, 99% used [0x00000000b8e00000,0x00000000ba416bf0,0x00000000ba440000)
}
Event: 854.439 GC heap before
{Heap before GC invocations=29 (full 2):
 PSYoungGen      total 12864K, used 10656K [0x00000000ebc00000, 0x00000000ecb80000, 0x0000000100000000)
  eden space 10496K, 100% used [0x00000000ebc00000,0x00000000ec640000,0x00000000ec640000)
  from space 2368K, 6% used [0x00000000ec930000,0x00000000ec958000,0x00000000ecb80000)
  to   space 2688K, 0% used [0x00000000ec640000,0x00000000ec640000,0x00000000ec8e0000)
 ParOldGen       total 41472K, used 5943K [0x00000000c3400000, 0x00000000c5c80000, 0x00000000ebc00000)
  object space 41472K, 14% used [0x00000000c3400000,0x00000000c39cdd38,0x00000000c5c80000)
 PSPermGen       total 22784K, used 22623K [0x00000000b8e00000, 0x00000000ba440000, 0x00000000c3400000)
  object space 22784K, 99% used [0x00000000b8e00000,0x00000000ba417c58,0x00000000ba440000)
Event: 854.441 GC heap after
Heap after GC invocations=29 (full 2):
 PSYoungGen      total 10432K, used 96K [0x00000000ebc00000, 0x00000000ecaf0000, 0x0000000100000000)
  eden space 10304K, 0% used [0x00000000ebc00000,0x00000000ebc00000,0x00000000ec610000)
  from space 128K, 75% used [0x00000000ec640000,0x00000000ec658000,0x00000000ec660000)
  to   space 2496K, 0% used [0x00000000ec880000,0x00000000ec880000,0x00000000ecaf0000)
 ParOldGen       total 41472K, used 5959K [0x00000000c3400000, 0x00000000c5c80000, 0x00000000ebc00000)
  object space 41472K, 14% used [0x00000000c3400000,0x00000000c39d1d38,0x00000000c5c80000)
 PSPermGen       total 22784K, used 22623K [0x00000000b8e00000, 0x00000000ba440000, 0x00000000c3400000)
  object space 22784K, 99% used [0x00000000b8e00000,0x00000000ba417c58,0x00000000ba440000)
}
Event: 874.951 GC heap before
{Heap before GC invocations=30 (full 2):
 PSYoungGen      total 10432K, used 10400K [0x00000000ebc00000, 0x00000000ecaf0000, 0x0000000100000000)
  eden space 10304K, 100% used [0x00000000ebc00000,0x00000000ec610000,0x00000000ec610000)
  from space 128K, 75% used [0x00000000ec640000,0x00000000ec658000,0x00000000ec660000)
  to   space 2496K, 0% used [0x00000000ec880000,0x00000000ec880000,0x00000000ecaf0000)
 ParOldGen       total 41472K, used 5959K [0x00000000c3400000, 0x00000000c5c80000, 0x00000000ebc00000)
  object space 41472K, 14% used [0x00000000c3400000,0x00000000c39d1d38,0x00000000c5c80000)
 PSPermGen       total 22784K, used 22633K [0x00000000b8e00000, 0x00000000ba440000, 0x00000000c3400000)
  object space 22784K, 99% used [0x00000000b8e00000,0x00000000ba41a660,0x00000000ba440000)
Event: 874.952 GC heap after
Heap after GC invocations=30 (full 2):
 PSYoungGen      total 12160K, used 128K [0x00000000ebc00000, 0x00000000eca80000, 0x0000000100000000)
  eden space 10112K, 0% used [0x00000000ebc00000,0x00000000ebc00000,0x00000000ec5e0000)
  from space 2048K, 6% used [0x00000000ec880000,0x00000000ec8a0000,0x00000000eca80000)
  to   space 2368K, 0% used [0x00000000ec5e0000,0x00000000ec5e0000,0x00000000ec830000)
 ParOldGen       total 41472K, used 5975K [0x00000000c3400000, 0x00000000c5c80000, 0x00000000ebc00000)
  object space 41472K, 14% used [0x00000000c3400000,0x00000000c39d5d38,0x00000000c5c80000)
 PSPermGen       total 22784K, used 22633K [0x00000000b8e00000, 0x00000000ba440000, 0x00000000c3400000)
  object space 22784K, 99% used [0x00000000b8e00000,0x00000000ba41a660,0x00000000ba440000)
}

Deoptimization events (10 events):
Event: 653.472 Thread 0x00007fd3e05c0000 Uncommon trap -12 fr.pc 0x00007fd3dd293078
Event: 717.816 Thread 0x00007fd3e05c0000 Uncommon trap -58 fr.pc 0x00007fd3dd1c76b8
Event: 717.817 Thread 0x00007fd3e05c0000 Uncommon trap -34 fr.pc 0x00007fd3dd171bb0
Event: 717.818 Thread 0x00007fd3e05c0000 Uncommon trap -34 fr.pc 0x00007fd3dd1c5590
Event: 717.818 Thread 0x00007fd3e05c0000 Uncommon trap -34 fr.pc 0x00007fd3dd152fd8
Event: 717.818 Thread 0x00007fd3e05c0000 Uncommon trap -34 fr.pc 0x00007fd3dd21222c
Event: 718.437 Thread 0x00007fd3e05c0000 Uncommon trap -58 fr.pc 0x00007fd3dd1c76b8
Event: 718.438 Thread 0x00007fd3e05c0000 Uncommon trap -34 fr.pc 0x00007fd3dd171bb0
Event: 801.411 Thread 0x00007fd3e05c0000 Uncommon trap -83 fr.pc 0x00007fd3dd272790
Event: 806.355 Thread 0x00007fd3e05c0000 Uncommon trap -12 fr.pc 0x00007fd3dd223d2c

Internal exceptions (10 events):
Event: 181.369 Thread 0x00007fd3e05c0000 Implicit null exception at 0x00007fd3dd0c4530 to 0x00007fd3dd0c45b6
Event: 191.419 Thread 0x00007fd3e05c0000 Threw 0x00000000ebf6e6e0 at /build/buildd/openjdk-6-6b32-1.13.4/build/openjdk/hotspot/src/share/vm/classfile/systemDictionary.cpp:1
Event: 191.419 Thread 0x00007fd3e05c0000 Threw 0x00000000ebf6ecb8 at /build/buildd/openjdk-6-6b32-1.13.4/build/openjdk/hotspot/src/share/vm/prims/jvm.cpp:1235
Event: 339.453 Thread 0x00007fd3e05c0000 Implicit null exception at 0x00007fd3dd154567 to 0x00007fd3dd156e4d
Event: 407.228 Thread 0x00007fd3e05c0000 Implicit null exception at 0x00007fd3dd0f7ae3 to 0x00007fd3dd0f7c25
Event: 653.472 Thread 0x00007fd3e05c0000 Implicit null exception at 0x00007fd3dd292207 to 0x00007fd3dd29306d
Event: 806.355 Thread 0x00007fd3e05c0000 Implicit null exception at 0x00007fd3dd22387e to 0x00007fd3dd223d15
Event: 919.036 Thread 0x00007fd3e05c0000 Threw 0x00000000ec258e88 at /build/buildd/openjdk-6-6b32-1.13.4/build/openjdk/hotspot/src/share/vm/classfile/systemDictionary.cpp:1
Event: 919.036 Thread 0x00007fd3e05c0000 Threw 0x00000000ec259400 at /build/buildd/openjdk-6-6b32-1.13.4/build/openjdk/hotspot/src/share/vm/prims/jvm.cpp:1235
Event: 919.039 Thread 0x00007fd3e05c0000 Implicit null exception at 0x00007fd3dd2e9497 to 0x0000000000000000

Events (10 events):
Event: 874.953 Executing VM operation: RevokeBias
Event: 874.953 Executing VM operation: RevokeBias done
Event: 874.953 Executing VM operation: RevokeBias
Event: 874.953 Executing VM operation: RevokeBias done
Event: 874.953 Executing VM operation: RevokeBias
Event: 874.953 Executing VM operation: RevokeBias done
Event: 874.953 Executing VM operation: RevokeBias
Event: 874.953 Executing VM operation: RevokeBias done
Event: 919.036 loading class 0x00007fd3a0238300
Event: 919.036 loading class 0x00007fd3a0238300 done


Dynamic libraries:
00400000-00409000 r-xp 00000000 08:01 1969743                            /usr/lib/jvm/java-6-openjdk-amd64/jre/bin/java
00608000-00609000 r--p 00008000 08:01 1969743                            /usr/lib/jvm/java-6-openjdk-amd64/jre/bin/java
00609000-0060a000 rw-p 00009000 08:01 1969743                            /usr/lib/jvm/java-6-openjdk-amd64/jre/bin/java
01620000-01641000 rw-p 00000000 00:00 0                                  [heap]
b8e00000-ba440000 rw-p 00000000 00:00 0 
ba440000-c3400000 rw-p 00000000 00:00 0 
c3400000-c5c80000 rw-p 00000000 00:00 0 
c5c80000-ebc00000 rw-p 00000000 00:00 0 
ebc00000-eca80000 rw-p 00000000 00:00 0 
eca80000-ed360000 ---p 00000000 00:00 0 
ed360000-100000000 rw-p 00000000 00:00 0 
7fd39c000000-7fd39c0c4000 rw-p 00000000 00:00 0 
7fd39c0c4000-7fd3a0000000 ---p 00000000 00:00 0 
7fd3a0000000-7fd3a034b000 rw-p 00000000 00:00 0 
7fd3a034b000-7fd3a4000000 ---p 00000000 00:00 0 
7fd3a4000000-7fd3a4021000 rw-p 00000000 00:00 0 
7fd3a4021000-7fd3a8000000 ---p 00000000 00:00 0 
7fd3a8000000-7fd3a8021000 rw-p 00000000 00:00 0 
7fd3a8021000-7fd3ac000000 ---p 00000000 00:00 0 
7fd3ac000000-7fd3ac021000 rw-p 00000000 00:00 0 
7fd3ac021000-7fd3b0000000 ---p 00000000 00:00 0 
7fd3b0000000-7fd3b0021000 rw-p 00000000 00:00 0 
7fd3b0021000-7fd3b4000000 ---p 00000000 00:00 0 
7fd3b4000000-7fd3b51ab000 rw-p 00000000 00:00 0 
7fd3b51ab000-7fd3b8000000 ---p 00000000 00:00 0 
7fd3b8000000-7fd3b8891000 rw-p 00000000 00:00 0 
7fd3b8891000-7fd3bc000000 ---p 00000000 00:00 0 
7fd3bc000000-7fd3bc021000 rw-p 00000000 00:00 0 
7fd3bc021000-7fd3c0000000 ---p 00000000 00:00 0 
7fd3c0000000-7fd3c0021000 rw-p 00000000 00:00 0 
7fd3c0021000-7fd3c4000000 ---p 00000000 00:00 0 
7fd3c4000000-7fd3c4041000 rw-p 00000000 00:00 0 
7fd3c4041000-7fd3c8000000 ---p 00000000 00:00 0 
7fd3c8000000-7fd3c8021000 rw-p 00000000 00:00 0 
7fd3c8021000-7fd3cc000000 ---p 00000000 00:00 0 
7fd3cc000000-7fd3cc022000 rw-p 00000000 00:00 0 
7fd3cc022000-7fd3d0000000 ---p 00000000 00:00 0 
7fd3d1816000-7fd3d1bfa000 rw-s 00000000 00:04 26443777                   /SYSV00000000 (deleted)
7fd3d1bfa000-7fd3d1bfd000 ---p 00000000 00:00 0 
7fd3d1bfd000-7fd3d1cfb000 rw-p 00000000 00:00 0 
7fd3d1cfb000-7fd3d1cfe000 ---p 00000000 00:00 0 
7fd3d1cfe000-7fd3d1dfc000 rw-p 00000000 00:00 0 
7fd3d1dfc000-7fd3d1dff000 ---p 00000000 00:00 0 
7fd3d1dff000-7fd3d1efd000 rw-p 00000000 00:00 0 
7fd3d1efd000-7fd3d1f00000 ---p 00000000 00:00 0 
7fd3d1f00000-7fd3d1ffe000 rw-p 00000000 00:00 0 
7fd3d2004000-7fd3d2056000 rw-s 00000000 00:04 23461893                   /SYSV00000000 (deleted)
7fd3d2056000-7fd3d2059000 ---p 00000000 00:00 0 
7fd3d2059000-7fd3d2157000 rw-p 00000000 00:00 0 
7fd3d2157000-7fd3d215a000 ---p 00000000 00:00 0 
7fd3d215a000-7fd3d22c6000 rw-p 00000000 00:00 0 
7fd3d255d000-7fd3d2565000 r-xp 00000000 08:01 1969706                    /usr/lib/jvm/java-6-openjdk-amd64/jre/lib/amd64/libnio.so
7fd3d2565000-7fd3d2764000 ---p 00008000 08:01 1969706                    /usr/lib/jvm/java-6-openjdk-amd64/jre/lib/amd64/libnio.so
7fd3d2764000-7fd3d2765000 r--p 00007000 08:01 1969706                    /usr/lib/jvm/java-6-openjdk-amd64/jre/lib/amd64/libnio.so
7fd3d2765000-7fd3d2766000 rw-p 00008000 08:01 1969706                    /usr/lib/jvm/java-6-openjdk-amd64/jre/lib/amd64/libnio.so
7fd3d2766000-7fd3d277c000 r-xp 00000000 08:01 1969686                    /usr/lib/jvm/java-6-openjdk-amd64/jre/lib/amd64/libnet.so
7fd3d277c000-7fd3d297b000 ---p 00016000 08:01 1969686                    /usr/lib/jvm/java-6-openjdk-amd64/jre/lib/amd64/libnet.so
7fd3d297b000-7fd3d297c000 r--p 00015000 08:01 1969686                    /usr/lib/jvm/java-6-openjdk-amd64/jre/lib/amd64/libnet.so
7fd3d297c000-7fd3d297d000 rw-p 00016000 08:01 1969686                    /usr/lib/jvm/java-6-openjdk-amd64/jre/lib/amd64/libnet.so
7fd3d297d000-7fd3d29bc000 r-xp 00000000 08:01 1447449                    /usr/lib/x86_64-linux-gnu/libjpeg.so.8.0.2
7fd3d29bc000-7fd3d2bbb000 ---p 0003f000 08:01 1447449                    /usr/lib/x86_64-linux-gnu/libjpeg.so.8.0.2
7fd3d2bbb000-7fd3d2bbc000 r--p 0003e000 08:01 1447449                    /usr/lib/x86_64-linux-gnu/libjpeg.so.8.0.2
7fd3d2bbc000-7fd3d2bbd000 rw-p 0003f000 08:01 1447449                    /usr/lib/x86_64-linux-gnu/libjpeg.so.8.0.2
7fd3d2bbd000-7fd3d2bcd000 rw-p 00000000 00:00 0 
7fd3d2bcd000-7fd3d2bd7000 r-xp 00000000 08:01 1969700                    /usr/lib/jvm/java-6-openjdk-amd64/jre/lib/amd64/libjpeg.so
7fd3d2bd7000-7fd3d2dd6000 ---p 0000a000 08:01 1969700                    /usr/lib/jvm/java-6-openjdk-amd64/jre/lib/amd64/libjpeg.so
7fd3d2dd6000-7fd3d2dd7000 r--p 00009000 08:01 1969700                    /usr/lib/jvm/java-6-openjdk-amd64/jre/lib/amd64/libjpeg.so
7fd3d2dd7000-7fd3d2dd8000 rw-p 0000a000 08:01 1969700                    /usr/lib/jvm/java-6-openjdk-amd64/jre/lib/amd64/libjpeg.so
7fd3d2dd8000-7fd3d2ddb000 ---p 00000000 00:00 0 
7fd3d2ddb000-7fd3d2ed9000 rw-p 00000000 00:00 0 
7fd3d2ed9000-7fd3d2edc000 ---p 00000000 00:00 0 
7fd3d2edc000-7fd3d2fda000 rw-p 00000000 00:00 0 
7fd3d2fda000-7fd3d2fdf000 r-xp 00000000 08:01 1443405                    /usr/lib/x86_64-linux-gnu/libXfixes.so.3.1.0
7fd3d2fdf000-7fd3d31de000 ---p 00005000 08:01 1443405                    /usr/lib/x86_64-linux-gnu/libXfixes.so.3.1.0
7fd3d31de000-7fd3d31df000 r--p 00004000 08:01 1443405                    /usr/lib/x86_64-linux-gnu/libXfixes.so.3.1.0
7fd3d31df000-7fd3d31e0000 rw-p 00005000 08:01 1443405                    /usr/lib/x86_64-linux-gnu/libXfixes.so.3.1.0
7fd3d31e0000-7fd3d31e9000 r-xp 00000000 08:01 1448886                    /usr/lib/x86_64-linux-gnu/libXcursor.so.1.0.2
7fd3d31e9000-7fd3d33e8000 ---p 00009000 08:01 1448886                    /usr/lib/x86_64-linux-gnu/libXcursor.so.1.0.2
7fd3d33e8000-7fd3d33e9000 r--p 00008000 08:01 1448886                    /usr/lib/x86_64-linux-gnu/libXcursor.so.1.0.2
7fd3d33e9000-7fd3d33ea000 rw-p 00009000 08:01 1448886                    /usr/lib/x86_64-linux-gnu/libXcursor.so.1.0.2
7fd3d33ea000-7fd3d33ed000 ---p 00000000 00:00 0 
7fd3d33ed000-7fd3d34eb000 rw-p 00000000 00:00 0 
7fd3d34eb000-7fd3d3581000 r-xp 00000000 08:01 1449073                    /usr/lib/x86_64-linux-gnu/libfreetype.so.6.8.0
7fd3d3581000-7fd3d3780000 ---p 00096000 08:01 1449073                    /usr/lib/x86_64-linux-gnu/libfreetype.so.6.8.0
7fd3d3780000-7fd3d3786000 r--p 00095000 08:01 1449073                    /usr/lib/x86_64-linux-gnu/libfreetype.so.6.8.0
7fd3d3786000-7fd3d3787000 rw-p 0009b000 08:01 1449073                    /usr/lib/x86_64-linux-gnu/libfreetype.so.6.8.0
7fd3d3787000-7fd3d37d6000 r-xp 00000000 08:01 1969683                    /usr/lib/jvm/java-6-openjdk-amd64/jre/lib/amd64/libfontmanager.so
7fd3d37d6000-7fd3d39d5000 ---p 0004f000 08:01 1969683                    /usr/lib/jvm/java-6-openjdk-amd64/jre/lib/amd64/libfontmanager.so
7fd3d39d5000-7fd3d39d7000 r--p 0004e000 08:01 1969683                    /usr/lib/jvm/java-6-openjdk-amd64/jre/lib/amd64/libfontmanager.so
7fd3d39d7000-7fd3d39d8000 rw-p 00050000 08:01 1969683                    /usr/lib/jvm/java-6-openjdk-amd64/jre/lib/amd64/libfontmanager.so
7fd3d39d8000-7fd3d39d9000 rw-p 00000000 00:00 0 
7fd3d39d9000-7fd3d39de000 r-xp 00000000 08:01 1448890                    /usr/lib/x86_64-linux-gnu/libXdmcp.so.6.0.0
7fd3d39de000-7fd3d3bdd000 ---p 00005000 08:01 1448890                    /usr/lib/x86_64-linux-gnu/libXdmcp.so.6.0.0
7fd3d3bdd000-7fd3d3bde000 r--p 00004000 08:01 1448890                    /usr/lib/x86_64-linux-gnu/libXdmcp.so.6.0.0
7fd3d3bde000-7fd3d3bdf000 rw-p 00005000 08:01 1448890                    /usr/lib/x86_64-linux-gnu/libXdmcp.so.6.0.0
7fd3d3bdf000-7fd3d3be1000 r-xp 00000000 08:01 1448879                    /usr/lib/x86_64-linux-gnu/libXau.so.6.0.0
7fd3d3be1000-7fd3d3de0000 ---p 00002000 08:01 1448879                    /usr/lib/x86_64-linux-gnu/libXau.so.6.0.0
7fd3d3de0000-7fd3d3de1000 r--p 00001000 08:01 1448879                    /usr/lib/x86_64-linux-gnu/libXau.so.6.0.0
7fd3d3de1000-7fd3d3de2000 rw-p 00002000 08:01 1448879                    /usr/lib/x86_64-linux-gnu/libXau.so.6.0.0
7fd3d3de2000-7fd3d3dff000 r-xp 00000000 08:01 1449502                    /usr/lib/x86_64-linux-gnu/libxcb.so.1.1.0
7fd3d3dff000-7fd3d3ffe000 ---p 0001d000 08:01 1449502                    /usr/lib/x86_64-linux-gnu/libxcb.so.1.1.0
7fd3d3ffe000-7fd3d3fff000 r--p 0001c000 08:01 1449502                    /usr/lib/x86_64-linux-gnu/libxcb.so.1.1.0
7fd3d3fff000-7fd3d4000000 rw-p 0001d000 08:01 1449502                    /usr/lib/x86_64-linux-gnu/libxcb.so.1.1.0
7fd3d4000000-7fd3d4021000 rw-p 00000000 00:00 0 
7fd3d4021000-7fd3d8000000 ---p 00000000 00:00 0 
7fd3d805d000-7fd3d806c000 r-xp 00000000 08:01 1443407                    /usr/lib/x86_64-linux-gnu/libXi.so.6.1.0
7fd3d806c000-7fd3d826b000 ---p 0000f000 08:01 1443407                    /usr/lib/x86_64-linux-gnu/libXi.so.6.1.0
7fd3d826b000-7fd3d826c000 r--p 0000e000 08:01 1443407                    /usr/lib/x86_64-linux-gnu/libXi.so.6.1.0
7fd3d826c000-7fd3d826d000 rw-p 0000f000 08:01 1443407                    /usr/lib/x86_64-linux-gnu/libXi.so.6.1.0
7fd3d826d000-7fd3d8272000 r-xp 00000000 08:01 1448918                    /usr/lib/x86_64-linux-gnu/libXtst.so.6.1.0
7fd3d8272000-7fd3d8471000 ---p 00005000 08:01 1448918                    /usr/lib/x86_64-linux-gnu/libXtst.so.6.1.0
7fd3d8471000-7fd3d8472000 r--p 00004000 08:01 1448918                    /usr/lib/x86_64-linux-gnu/libXtst.so.6.1.0
7fd3d8472000-7fd3d8473000 rw-p 00005000 08:01 1448918                    /usr/lib/x86_64-linux-gnu/libXtst.so.6.1.0
7fd3d8473000-7fd3d847c000 r-xp 00000000 08:01 1448912                    /usr/lib/x86_64-linux-gnu/libXrender.so.1.3.0
7fd3d847c000-7fd3d867b000 ---p 00009000 08:01 1448912                    /usr/lib/x86_64-linux-gnu/libXrender.so.1.3.0
7fd3d867b000-7fd3d867c000 r--p 00008000 08:01 1448912                    /usr/lib/x86_64-linux-gnu/libXrender.so.1.3.0
7fd3d867c000-7fd3d867d000 rw-p 00009000 08:01 1448912                    /usr/lib/x86_64-linux-gnu/libXrender.so.1.3.0
7fd3d867d000-7fd3d87ad000 r-xp 00000000 08:01 1443401                    /usr/lib/x86_64-linux-gnu/libX11.so.6.3.0
7fd3d87ad000-7fd3d89ad000 ---p 00130000 08:01 1443401                    /usr/lib/x86_64-linux-gnu/libX11.so.6.3.0
7fd3d89ad000-7fd3d89ae000 r--p 00130000 08:01 1443401                    /usr/lib/x86_64-linux-gnu/libX11.so.6.3.0
7fd3d89ae000-7fd3d89b2000 rw-p 00131000 08:01 1443401                    /usr/lib/x86_64-linux-gnu/libX11.so.6.3.0
7fd3d89b2000-7fd3d89c2000 r-xp 00000000 08:01 1448892                    /usr/lib/x86_64-linux-gnu/libXext.so.6.4.0
7fd3d89c2000-7fd3d8bc1000 ---p 00010000 08:01 1448892                    /usr/lib/x86_64-linux-gnu/libXext.so.6.4.0
7fd3d8bc1000-7fd3d8bc2000 r--p 0000f000 08:01 1448892                    /usr/lib/x86_64-linux-gnu/libXext.so.6.4.0
7fd3d8bc2000-7fd3d8bc3000 rw-p 00010000 08:01 1448892                    /usr/lib/x86_64-linux-gnu/libXext.so.6.4.0
7fd3d8bc3000-7fd3d8c10000 r-xp 00000000 08:01 1969847                    /usr/lib/jvm/java-6-openjdk-amd64/jre/lib/amd64/xawt/libmawt.so
7fd3d8c10000-7fd3d8e10000 ---p 0004d000 08:01 1969847                    /usr/lib/jvm/java-6-openjdk-amd64/jre/lib/amd64/xawt/libmawt.so
7fd3d8e10000-7fd3d8e11000 r--p 0004d000 08:01 1969847                    /usr/lib/jvm/java-6-openjdk-amd64/jre/lib/amd64/xawt/libmawt.so
7fd3d8e11000-7fd3d8e14000 rw-p 0004e000 08:01 1969847                    /usr/lib/jvm/java-6-openjdk-amd64/jre/lib/amd64/xawt/libmawt.so
7fd3d8e14000-7fd3d8e15000 rw-p 00000000 00:00 0 
7fd3d8e15000-7fd3d8eb7000 r-xp 00000000 08:01 1969696                    /usr/lib/jvm/java-6-openjdk-amd64/jre/lib/amd64/libawt.so
7fd3d8eb7000-7fd3d90b7000 ---p 000a2000 08:01 1969696                    /usr/lib/jvm/java-6-openjdk-amd64/jre/lib/amd64/libawt.so
7fd3d90b7000-7fd3d90b8000 r--p 000a2000 08:01 1969696                    /usr/lib/jvm/java-6-openjdk-amd64/jre/lib/amd64/libawt.so
7fd3d90b8000-7fd3d90c3000 rw-p 000a3000 08:01 1969696                    /usr/lib/jvm/java-6-openjdk-amd64/jre/lib/amd64/libawt.so
7fd3d90c3000-7fd3d90e8000 rw-p 00000000 00:00 0 
7fd3d90e8000-7fd3d90eb000 ---p 00000000 00:00 0 
7fd3d90eb000-7fd3d91e9000 rw-p 00000000 00:00 0 
7fd3d91e9000-7fd3d91f0000 r--s 00054000 08:01 1579934                    /usr/lib/jvm/java-6-openjdk-common/jre/lib/resources.jar
7fd3d91f0000-7fd3d91f4000 r--s 0003c000 08:01 1579927                    /usr/lib/jvm/java-6-openjdk-common/jre/lib/jsse.jar
7fd3d91f4000-7fd3d9212000 r--s 002f3000 08:01 6424199                    /home/colby/cs61c/autostereogram/Mars4_4.jar
7fd3d9212000-7fd3d9216000 r--s 00039000 08:01 1713983                    /usr/lib/jvm/java-6-openjdk-common/jre/lib/ext/sunpkcs11.jar
7fd3d9216000-7fd3d9219000 r--s 00077000 08:01 1713981                    /usr/lib/jvm/java-6-openjdk-common/jre/lib/ext/localedata.jar
7fd3d9219000-7fd3d921b000 r--s 00001000 08:01 1713979                    /usr/lib/jvm/java-6-openjdk-common/jre/lib/ext/dnsns.jar
7fd3d921b000-7fd3d921c000 r--s 00007000 08:01 1579949                    /usr/share/java/java-atk-wrapper.jar
7fd3d921c000-7fd3d921f000 r--s 00031000 08:01 1713982                    /usr/lib/jvm/java-6-openjdk-common/jre/lib/ext/sunjce_provider.jar
7fd3d921f000-7fd3d9221000 r--s 0000f000 08:01 1713980                    /usr/lib/jvm/java-6-openjdk-common/jre/lib/ext/pulse-java.jar
7fd3d9221000-7fd3d923f000 r--s 002f3000 08:01 6424199                    /home/colby/cs61c/autostereogram/Mars4_4.jar
7fd3d923f000-7fd3d9240000 ---p 00000000 00:00 0 
7fd3d9240000-7fd3d9340000 rw-p 00000000 00:00 0 
7fd3d9340000-7fd3d9343000 ---p 00000000 00:00 0 
7fd3d9343000-7fd3d9441000 rw-p 00000000 00:00 0 
7fd3d9441000-7fd3d9444000 ---p 00000000 00:00 0 
7fd3d9444000-7fd3d9542000 rw-p 00000000 00:00 0 
7fd3d9542000-7fd3d9545000 ---p 00000000 00:00 0 
7fd3d9545000-7fd3d9643000 rw-p 00000000 00:00 0 
7fd3d9643000-7fd3d9646000 ---p 00000000 00:00 0 
7fd3d9646000-7fd3d9744000 rw-p 00000000 00:00 0 
7fd3d9744000-7fd3d9b42000 r--p 00000000 08:01 1445924                    /usr/lib/locale/locale-archive
7fd3d9b42000-7fd3d9b45000 ---p 00000000 00:00 0 
7fd3d9b45000-7fd3d9c43000 rw-p 00000000 00:00 0 
7fd3d9c43000-7fd3d9c46000 ---p 00000000 00:00 0 
7fd3d9c46000-7fd3d9d44000 rw-p 00000000 00:00 0 
7fd3d9d44000-7fd3d9d45000 ---p 00000000 00:00 0 
7fd3d9d45000-7fd3dd000000 rw-p 00000000 00:00 0 
7fd3dd000000-7fd3dd300000 rwxp 00000000 00:00 0 
7fd3dd300000-7fd3e05f5000 rw-p 00000000 00:00 0 
7fd3e05f5000-7fd3e4000000 ---p 00000000 00:00 0 
7fd3e403f000-7fd3e4043000 rw-s 00000000 00:04 50069510                   /SYSV00000000 (deleted)
7fd3e4043000-7fd3e404c000 r--s 00000000 08:01 10223700                   /var/cache/fontconfig/945677eb7aeaf62f1d50efc3fb3ec7d8-le64.cache-3
7fd3e404c000-7fd3e404d000 r--s 00000000 08:01 10223683                   /var/cache/fontconfig/0fafd173547752dce4dee1a69e0b3c95-le64.cache-3
7fd3e404d000-7fd3e4056000 r--s 00000000 08:01 10229917                   /var/cache/fontconfig/6d41288fd70b0be22e8c3a91e032eec0-le64.cache-3
7fd3e4056000-7fd3e4057000 r--s 00000000 08:01 10223707                   /var/cache/fontconfig/dc05db6664285cc2f12bf69c139ae4c3-le64.cache-3
7fd3e4057000-7fd3e405a000 r--s 00000000 08:01 10227134                   /var/cache/fontconfig/7b79abe4499501fcd4e4826394083a53-le64.cache-3
7fd3e405a000-7fd3e405c000 r--s 00000000 08:01 10225568                   /var/cache/fontconfig/3a9914ff62a69b32234685a84fdc926d-le64.cache-3
7fd3e405c000-7fd3e405d000 r--s 00000000 08:01 10225567                   /var/cache/fontconfig/0b41ebd278d9388cf5d83f81d476c672-le64.cache-3
7fd3e405d000-7fd3e4061000 r--s 00000000 08:01 10227133                   /var/cache/fontconfig/ea32c683f96734b73b6a7acf745d6442-le64.cache-3
7fd3e4061000-7fd3e4064000 r--s 00000000 08:01 10223699                   /var/cache/fontconfig/8801497958630a81b71ace7c5f9b32a8-le64.cache-3
7fd3e4064000-7fd3e4065000 r--s 00000000 08:01 10225386                   /var/cache/fontconfig/b036df7bbb72844893df6bcf5570ea7f-le64.cache-3
7fd3e4065000-7fd3e4066000 r--s 00000000 08:01 10225385                   /var/cache/fontconfig/575107dd7452b4b2b2b1361909925bb4-le64.cache-3
7fd3e4066000-7fd3e406b000 r--s 00000000 08:01 10223686                   /var/cache/fontconfig/3047814df9a2f067bd2d96a2b9c36e5a-le64.cache-3
7fd3e406b000-7fd3e406d000 r--s 00000000 08:01 10225379                   /var/cache/fontconfig/12888573d3e05bfbe41d0040af4efeaa-le64.cache-3
7fd3e406d000-7fd3e406e000 r--s 00000000 08:01 10225307                   /var/cache/fontconfig/0b3f2427388044a01a5738fa4b8cc9d1-le64.cache-3
7fd3e406e000-7fd3e406f000 r--s 00000000 08:01 10225306                   /var/cache/fontconfig/0941b6d3777f1e64883d36fd6d84a52f-le64.cache-3
7fd3e406f000-7fd3e407f000 r--s 00000000 08:01 10223705                   /var/cache/fontconfig/d52a8644073d54c13679302ca1180695-le64.cache-3
7fd3e407f000-7fd3e4085000 r--s 00000000 08:01 10223689                   /var/cache/fontconfig/3f7329c5293ffd510edef78f73874cfd-le64.cache-3
7fd3e4085000-7fd3e4086000 r--s 00000000 08:01 10225261                   /var/cache/fontconfig/e8d703157d3641d20c7e900be2e8d091-le64.cache-3
7fd3e4086000-7fd3e4087000 r--s 00000000 08:01 10225231                   /var/cache/fontconfig/6a6dfed4a7d1e4367ef225093de82110-le64.cache-3
7fd3e4087000-7fd3e4089000 r--s 00000000 08:01 10228908                   /var/cache/fontconfig/e13b20fdb08344e0e664864cc2ede53d-le64.cache-3
7fd3e4089000-7fd3e408b000 r--s 00000000 08:01 6425836                    /home/colby/.fontconfig/1d48e99075306d41c1a261fed30c0e6a-le64.cache-3
7fd3e408b000-7fd3e408e000 r--s 00000000 08:01 6425742                    /home/colby/.fontconfig/d4ccb8fcc1ee99fe91805fc9f54dc883-le64.cache-3
7fd3e408e000-7fd3e4097000 r--s 00000000 08:01 10223700                   /var/cache/fontconfig/945677eb7aeaf62f1d50efc3fb3ec7d8-le64.cache-3
7fd3e4097000-7fd3e4098000 r--s 00000000 08:01 10223683                   /var/cache/fontconfig/0fafd173547752dce4dee1a69e0b3c95-le64.cache-3
7fd3e4098000-7fd3e40a1000 r--s 00000000 08:01 10229917                   /var/cache/fontconfig/6d41288fd70b0be22e8c3a91e032eec0-le64.cache-3
7fd3e40a1000-7fd3e40a2000 r--s 00000000 08:01 10223707                   /var/cache/fontconfig/dc05db6664285cc2f12bf69c139ae4c3-le64.cache-3
7fd3e40a2000-7fd3e40a5000 r--s 00000000 08:01 10227134                   /var/cache/fontconfig/7b79abe4499501fcd4e4826394083a53-le64.cache-3
7fd3e40a5000-7fd3e40a7000 r--s 00000000 08:01 10225568                   /var/cache/fontconfig/3a9914ff62a69b32234685a84fdc926d-le64.cache-3
7fd3e40a7000-7fd3e40a8000 r--s 00000000 08:01 10225567                   /var/cache/fontconfig/0b41ebd278d9388cf5d83f81d476c672-le64.cache-3
7fd3e40a8000-7fd3e40ac000 r--s 00000000 08:01 10227133                   /var/cache/fontconfig/ea32c683f96734b73b6a7acf745d6442-le64.cache-3
7fd3e40ac000-7fd3e40af000 r--s 00000000 08:01 10223699                   /var/cache/fontconfig/8801497958630a81b71ace7c5f9b32a8-le64.cache-3
7fd3e40af000-7fd3e40b0000 r--s 00000000 08:01 10225386                   /var/cache/fontconfig/b036df7bbb72844893df6bcf5570ea7f-le64.cache-3
7fd3e40b0000-7fd3e40b1000 r--s 00000000 08:01 10225385                   /var/cache/fontconfig/575107dd7452b4b2b2b1361909925bb4-le64.cache-3
7fd3e40b1000-7fd3e40b6000 r--s 00000000 08:01 10223686                   /var/cache/fontconfig/3047814df9a2f067bd2d96a2b9c36e5a-le64.cache-3
7fd3e40b6000-7fd3e40b8000 r--s 00000000 08:01 10225379                   /var/cache/fontconfig/12888573d3e05bfbe41d0040af4efeaa-le64.cache-3
7fd3e40b8000-7fd3e40b9000 r--s 00000000 08:01 10225307                   /var/cache/fontconfig/0b3f2427388044a01a5738fa4b8cc9d1-le64.cache-3
7fd3e40b9000-7fd3e40ba000 r--s 00000000 08:01 10225306                   /var/cache/fontconfig/0941b6d3777f1e64883d36fd6d84a52f-le64.cache-3
7fd3e40ba000-7fd3e40ca000 r--s 00000000 08:01 10223705                   /var/cache/fontconfig/d52a8644073d54c13679302ca1180695-le64.cache-3
7fd3e40ca000-7fd3e40d0000 r--s 00000000 08:01 10223689                   /var/cache/fontconfig/3f7329c5293ffd510edef78f73874cfd-le64.cache-3
7fd3e40d0000-7fd3e40d1000 r--s 00000000 08:01 10225261                   /var/cache/fontconfig/e8d703157d3641d20c7e900be2e8d091-le64.cache-3
7fd3e40d1000-7fd3e40d2000 r--s 00000000 08:01 10225231                   /var/cache/fontconfig/6a6dfed4a7d1e4367ef225093de82110-le64.cache-3
7fd3e40d2000-7fd3e40d4000 r--s 00000000 08:01 10228908                   /var/cache/fontconfig/e13b20fdb08344e0e664864cc2ede53d-le64.cache-3
7fd3e40d4000-7fd3e40d6000 r--s 00000000 08:01 6425836                    /home/colby/.fontconfig/1d48e99075306d41c1a261fed30c0e6a-le64.cache-3
7fd3e40d6000-7fd3e452e000 rw-p 00000000 00:00 0 
7fd3e452e000-7fd3e46c4000 r--s 01a15000 08:01 1969714                    /usr/lib/jvm/java-6-openjdk-amd64/jre/lib/rt.jar
7fd3e46c4000-7fd3e46c5000 ---p 00000000 00:00 0 
7fd3e46c5000-7fd3e47c5000 rw-p 00000000 00:00 0 
7fd3e47c5000-7fd3e47c6000 ---p 00000000 00:00 0 
7fd3e47c6000-7fd3e48d2000 rw-p 00000000 00:00 0 
7fd3e48d2000-7fd3e4919000 rw-p 00000000 00:00 0 
7fd3e4919000-7fd3e492e000 rw-p 00000000 00:00 0 
7fd3e492e000-7fd3e4a5d000 rw-p 00000000 00:00 0 
7fd3e4a5d000-7fd3e4a69000 rw-p 00000000 00:00 0 
7fd3e4a69000-7fd3e4ab0000 rw-p 00000000 00:00 0 
7fd3e4ab0000-7fd3e4ac5000 rw-p 00000000 00:00 0 
7fd3e4ac5000-7fd3e4bf4000 rw-p 00000000 00:00 0 
7fd3e4bf4000-7fd3e4bfc000 rw-p 00000000 00:00 0 
7fd3e4bfc000-7fd3e4c00000 ---p 00000000 00:00 0 
7fd3e4c00000-7fd3e4c96000 rw-p 00000000 00:00 0 
7fd3e4c96000-7fd3e4c97000 rw-p 00000000 00:00 0 
7fd3e4c97000-7fd3e4c9e000 r-xp 00000000 08:01 1969699                    /usr/lib/jvm/java-6-openjdk-amd64/jre/lib/amd64/libzip.so
7fd3e4c9e000-7fd3e4e9d000 ---p 00007000 08:01 1969699                    /usr/lib/jvm/java-6-openjdk-amd64/jre/lib/amd64/libzip.so
7fd3e4e9d000-7fd3e4e9e000 r--p 00006000 08:01 1969699                    /usr/lib/jvm/java-6-openjdk-amd64/jre/lib/amd64/libzip.so
7fd3e4e9e000-7fd3e4e9f000 rw-p 00007000 08:01 1969699                    /usr/lib/jvm/java-6-openjdk-amd64/jre/lib/amd64/libzip.so
7fd3e4e9f000-7fd3e4eab000 r-xp 00000000 08:01 2101672                    /lib/x86_64-linux-gnu/libnss_files-2.15.so
7fd3e4eab000-7fd3e50aa000 ---p 0000c000 08:01 2101672                    /lib/x86_64-linux-gnu/libnss_files-2.15.so
7fd3e50aa000-7fd3e50ab000 r--p 0000b000 08:01 2101672                    /lib/x86_64-linux-gnu/libnss_files-2.15.so
7fd3e50ab000-7fd3e50ac000 rw-p 0000c000 08:01 2101672                    /lib/x86_64-linux-gnu/libnss_files-2.15.so
7fd3e50ac000-7fd3e50b6000 r-xp 00000000 08:01 2101867                    /lib/x86_64-linux-gnu/libnss_nis-2.15.so
7fd3e50b6000-7fd3e52b6000 ---p 0000a000 08:01 2101867                    /lib/x86_64-linux-gnu/libnss_nis-2.15.so
7fd3e52b6000-7fd3e52b7000 r--p 0000a000 08:01 2101867                    /lib/x86_64-linux-gnu/libnss_nis-2.15.so
7fd3e52b7000-7fd3e52b8000 rw-p 0000b000 08:01 2101867                    /lib/x86_64-linux-gnu/libnss_nis-2.15.so
7fd3e52b8000-7fd3e52cf000 r-xp 00000000 08:01 2101902                    /lib/x86_64-linux-gnu/libnsl-2.15.so
7fd3e52cf000-7fd3e54ce000 ---p 00017000 08:01 2101902                    /lib/x86_64-linux-gnu/libnsl-2.15.so
7fd3e54ce000-7fd3e54cf000 r--p 00016000 08:01 2101902                    /lib/x86_64-linux-gnu/libnsl-2.15.so
7fd3e54cf000-7fd3e54d0000 rw-p 00017000 08:01 2101902                    /lib/x86_64-linux-gnu/libnsl-2.15.so
7fd3e54d0000-7fd3e54d2000 rw-p 00000000 00:00 0 
7fd3e54d2000-7fd3e54da000 r-xp 00000000 08:01 2101616                    /lib/x86_64-linux-gnu/libnss_compat-2.15.so
7fd3e54da000-7fd3e56d9000 ---p 00008000 08:01 2101616                    /lib/x86_64-linux-gnu/libnss_compat-2.15.so
7fd3e56d9000-7fd3e56da000 r--p 00007000 08:01 2101616                    /lib/x86_64-linux-gnu/libnss_compat-2.15.so
7fd3e56da000-7fd3e56db000 rw-p 00008000 08:01 2101616                    /lib/x86_64-linux-gnu/libnss_compat-2.15.so
7fd3e56db000-7fd3e5708000 r-xp 00000000 08:01 1969676                    /usr/lib/jvm/java-6-openjdk-amd64/jre/lib/amd64/libjava.so
7fd3e5708000-7fd3e5907000 ---p 0002d000 08:01 1969676                    /usr/lib/jvm/java-6-openjdk-amd64/jre/lib/amd64/libjava.so
7fd3e5907000-7fd3e5908000 r--p 0002c000 08:01 1969676                    /usr/lib/jvm/java-6-openjdk-amd64/jre/lib/amd64/libjava.so
7fd3e5908000-7fd3e590b000 rw-p 0002d000 08:01 1969676                    /usr/lib/jvm/java-6-openjdk-amd64/jre/lib/amd64/libjava.so
7fd3e590b000-7fd3e5919000 r-xp 00000000 08:01 1969694                    /usr/lib/jvm/java-6-openjdk-amd64/jre/lib/amd64/libverify.so
7fd3e5919000-7fd3e5b18000 ---p 0000e000 08:01 1969694                    /usr/lib/jvm/java-6-openjdk-amd64/jre/lib/amd64/libverify.so
7fd3e5b18000-7fd3e5b1a000 r--p 0000d000 08:01 1969694                    /usr/lib/jvm/java-6-openjdk-amd64/jre/lib/amd64/libverify.so
7fd3e5b1a000-7fd3e5b1b000 rw-p 0000f000 08:01 1969694                    /usr/lib/jvm/java-6-openjdk-amd64/jre/lib/amd64/libverify.so
7fd3e5b1b000-7fd3e5b22000 r-xp 00000000 08:01 2101866                    /lib/x86_64-linux-gnu/librt-2.15.so
7fd3e5b22000-7fd3e5d21000 ---p 00007000 08:01 2101866                    /lib/x86_64-linux-gnu/librt-2.15.so
7fd3e5d21000-7fd3e5d22000 r--p 00006000 08:01 2101866                    /lib/x86_64-linux-gnu/librt-2.15.so
7fd3e5d22000-7fd3e5d23000 rw-p 00007000 08:01 2101866                    /lib/x86_64-linux-gnu/librt-2.15.so
7fd3e5d23000-7fd3e5d38000 r-xp 00000000 08:01 2100756                    /lib/x86_64-linux-gnu/libgcc_s.so.1
7fd3e5d38000-7fd3e5f37000 ---p 00015000 08:01 2100756                    /lib/x86_64-linux-gnu/libgcc_s.so.1
7fd3e5f37000-7fd3e5f38000 r--p 00014000 08:01 2100756                    /lib/x86_64-linux-gnu/libgcc_s.so.1
7fd3e5f38000-7fd3e5f39000 rw-p 00015000 08:01 2100756                    /lib/x86_64-linux-gnu/libgcc_s.so.1
7fd3e5f39000-7fd3e6034000 r-xp 00000000 08:01 2101870                    /lib/x86_64-linux-gnu/libm-2.15.so
7fd3e6034000-7fd3e6233000 ---p 000fb000 08:01 2101870                    /lib/x86_64-linux-gnu/libm-2.15.so
7fd3e6233000-7fd3e6234000 r--p 000fa000 08:01 2101870                    /lib/x86_64-linux-gnu/libm-2.15.so
7fd3e6234000-7fd3e6235000 rw-p 000fb000 08:01 2101870                    /lib/x86_64-linux-gnu/libm-2.15.so
7fd3e6235000-7fd3e6317000 r-xp 00000000 08:01 1449434                    /usr/lib/x86_64-linux-gnu/libstdc++.so.6.0.16
7fd3e6317000-7fd3e6516000 ---p 000e2000 08:01 1449434                    /usr/lib/x86_64-linux-gnu/libstdc++.so.6.0.16
7fd3e6516000-7fd3e651e000 r--p 000e1000 08:01 1449434                    /usr/lib/x86_64-linux-gnu/libstdc++.so.6.0.16
7fd3e651e000-7fd3e6520000 rw-p 000e9000 08:01 1449434                    /usr/lib/x86_64-linux-gnu/libstdc++.so.6.0.16
7fd3e6520000-7fd3e6535000 rw-p 00000000 00:00 0 
7fd3e6535000-7fd3e6f0b000 r-xp 00000000 08:01 1969681                    /usr/lib/jvm/java-6-openjdk-amd64/jre/lib/amd64/server/libjvm.so
7fd3e6f0b000-7fd3e710a000 ---p 009d6000 08:01 1969681                    /usr/lib/jvm/java-6-openjdk-amd64/jre/lib/amd64/server/libjvm.so
7fd3e710a000-7fd3e7189000 r--p 009d5000 08:01 1969681                    /usr/lib/jvm/java-6-openjdk-amd64/jre/lib/amd64/server/libjvm.so
7fd3e7189000-7fd3e71ac000 rw-p 00a54000 08:01 1969681                    /usr/lib/jvm/java-6-openjdk-amd64/jre/lib/amd64/server/libjvm.so
7fd3e71ac000-7fd3e71d6000 rw-p 00000000 00:00 0 
7fd3e71d6000-7fd3e71ec000 r-xp 00000000 08:01 2100846                    /lib/x86_64-linux-gnu/libz.so.1.2.3.4
7fd3e71ec000-7fd3e73eb000 ---p 00016000 08:01 2100846                    /lib/x86_64-linux-gnu/libz.so.1.2.3.4
7fd3e73eb000-7fd3e73ec000 r--p 00015000 08:01 2100846                    /lib/x86_64-linux-gnu/libz.so.1.2.3.4
7fd3e73ec000-7fd3e73ed000 rw-p 00016000 08:01 2100846                    /lib/x86_64-linux-gnu/libz.so.1.2.3.4
7fd3e73ed000-7fd3e75a2000 r-xp 00000000 08:01 2101495                    /lib/x86_64-linux-gnu/libc-2.15.so
7fd3e75a2000-7fd3e77a1000 ---p 001b5000 08:01 2101495                    /lib/x86_64-linux-gnu/libc-2.15.so
7fd3e77a1000-7fd3e77a5000 r--p 001b4000 08:01 2101495                    /lib/x86_64-linux-gnu/libc-2.15.so
7fd3e77a5000-7fd3e77a7000 rw-p 001b8000 08:01 2101495                    /lib/x86_64-linux-gnu/libc-2.15.so
7fd3e77a7000-7fd3e77ac000 rw-p 00000000 00:00 0 
7fd3e77ac000-7fd3e77ae000 r-xp 00000000 08:01 2101897                    /lib/x86_64-linux-gnu/libdl-2.15.so
7fd3e77ae000-7fd3e79ae000 ---p 00002000 08:01 2101897                    /lib/x86_64-linux-gnu/libdl-2.15.so
7fd3e79ae000-7fd3e79af000 r--p 00002000 08:01 2101897                    /lib/x86_64-linux-gnu/libdl-2.15.so
7fd3e79af000-7fd3e79b0000 rw-p 00003000 08:01 2101897                    /lib/x86_64-linux-gnu/libdl-2.15.so
7fd3e79b0000-7fd3e79b4000 r-xp 00000000 08:01 1969685                    /usr/lib/jvm/java-6-openjdk-amd64/jre/lib/amd64/jli/libjli.so
7fd3e79b4000-7fd3e7bb3000 ---p 00004000 08:01 1969685                    /usr/lib/jvm/java-6-openjdk-amd64/jre/lib/amd64/jli/libjli.so
7fd3e7bb3000-7fd3e7bb4000 r--p 00003000 08:01 1969685                    /usr/lib/jvm/java-6-openjdk-amd64/jre/lib/amd64/jli/libjli.so
7fd3e7bb4000-7fd3e7bb5000 rw-p 00004000 08:01 1969685                    /usr/lib/jvm/java-6-openjdk-amd64/jre/lib/amd64/jli/libjli.so
7fd3e7bb5000-7fd3e7bcd000 r-xp 00000000 08:01 2101868                    /lib/x86_64-linux-gnu/libpthread-2.15.so
7fd3e7bcd000-7fd3e7dcc000 ---p 00018000 08:01 2101868                    /lib/x86_64-linux-gnu/libpthread-2.15.so
7fd3e7dcc000-7fd3e7dcd000 r--p 00017000 08:01 2101868                    /lib/x86_64-linux-gnu/libpthread-2.15.so
7fd3e7dcd000-7fd3e7dce000 rw-p 00018000 08:01 2101868                    /lib/x86_64-linux-gnu/libpthread-2.15.so
7fd3e7dce000-7fd3e7dd2000 rw-p 00000000 00:00 0 
7fd3e7dd2000-7fd3e7df4000 r-xp 00000000 08:01 2101877                    /lib/x86_64-linux-gnu/ld-2.15.so
7fd3e7df5000-7fd3e7e29000 rw-p 00000000 00:00 0 
7fd3e7e29000-7fd3e7edd000 rw-p 00000000 00:00 0 
7fd3e7edd000-7fd3e7ee0000 ---p 00000000 00:00 0 
7fd3e7ee0000-7fd3e7fe3000 rw-p 00000000 00:00 0 
7fd3e7fe3000-7fd3e7fe4000 r--s 00000000 08:01 6425835                    /home/colby/.fontconfig/e7770f1fa4d5e546d145b3a3ad1b3276-le64.cache-3
7fd3e7fe4000-7fd3e7fe7000 r--s 00000000 08:01 6425742                    /home/colby/.fontconfig/d4ccb8fcc1ee99fe91805fc9f54dc883-le64.cache-3
7fd3e7fe7000-7fd3e7fe8000 r--s 00000000 08:01 6425835                    /home/colby/.fontconfig/e7770f1fa4d5e546d145b3a3ad1b3276-le64.cache-3
7fd3e7fe8000-7fd3e7ff0000 rw-s 00000000 08:01 14288038                   /tmp/hsperfdata_colby/12372
7fd3e7ff0000-7fd3e7ff1000 rw-p 00000000 00:00 0 
7fd3e7ff1000-7fd3e7ff2000 r--p 00000000 00:00 0 
7fd3e7ff2000-7fd3e7ff4000 rw-p 00000000 00:00 0 
7fd3e7ff4000-7fd3e7ff5000 r--p 00022000 08:01 2101877                    /lib/x86_64-linux-gnu/ld-2.15.so
7fd3e7ff5000-7fd3e7ff7000 rw-p 00023000 08:01 2101877                    /lib/x86_64-linux-gnu/ld-2.15.so
7ffffaf4d000-7ffffaf82000 rw-p 00000000 00:00 0                          [stack]
7ffffafff000-7ffffb000000 r-xp 00000000 00:00 0                          [vdso]
ffffffffff600000-ffffffffff601000 r-xp 00000000 00:00 0                  [vsyscall]

VM Arguments:
java_command: Mars4_4.jar
Launcher Type: SUN_STANDARD

Environment Variables:
PATH=/usr/lib/lightdm/lightdm:/usr/local/sbin:/usr/local/bin:/usr/sbin:/usr/bin:/sbin:/bin:/usr/games
LD_LIBRARY_PATH=/usr/lib/jvm/java-6-openjdk-amd64/jre/lib/amd64/server:/usr/lib/jvm/java-6-openjdk-amd64/jre/lib/amd64:/usr/lib/jvm/java-6-openjdk-amd64/jre/../lib/amd64
SHELL=/usr/bin/zsh
DISPLAY=:0

Signal Handlers:
SIGSEGV: [libjvm.so+0x83d2c0], sa_mask[0]=0x7ffbfeff, sa_flags=0x10000004
SIGBUS: [libjvm.so+0x83d2c0], sa_mask[0]=0x7ffbfeff, sa_flags=0x10000004
SIGFPE: [libjvm.so+0x6ddeb0], sa_mask[0]=0x7ffbfeff, sa_flags=0x10000004
SIGPIPE: [libjvm.so+0x6ddeb0], sa_mask[0]=0x7ffbfeff, sa_flags=0x10000004
SIGXFSZ: [libjvm.so+0x6ddeb0], sa_mask[0]=0x7ffbfeff, sa_flags=0x10000004
SIGILL: [libjvm.so+0x6ddeb0], sa_mask[0]=0x7ffbfeff, sa_flags=0x10000004
SIGUSR1: SIG_DFL, sa_mask[0]=0x00000000, sa_flags=0x00000000
SIGUSR2: [libjvm.so+0x6de2f0], sa_mask[0]=0x00000000, sa_flags=0x10000004
SIGHUP: [libjvm.so+0x6de430], sa_mask[0]=0x7ffbfeff, sa_flags=0x10000004
SIGINT: [libjvm.so+0x6de430], sa_mask[0]=0x7ffbfeff, sa_flags=0x10000004
SIGTERM: [libjvm.so+0x6de430], sa_mask[0]=0x7ffbfeff, sa_flags=0x10000004
SIGQUIT: [libjvm.so+0x6de430], sa_mask[0]=0x7ffbfeff, sa_flags=0x10000004


---------------  S Y S T E M  ---------------

OS:"elementary OS" 0.2.1 (luna)
uname:Linux 3.2.0-69-generic #103-Ubuntu SMP Tue Sep 2 05:02:14 UTC 2014 x86_64
libc:glibc 2.15 NPTL 2.15 
rlimit: STACK 8192k, CORE 0k, NPROC 30907, NOFILE 4096, AS infinity
load average:0.02 0.08 0.12

/proc/meminfo:
MemTotal:        3979600 kB
MemFree:         2376100 kB
Buffers:           49032 kB
Cached:           814152 kB
SwapCached:            0 kB
Active:           827864 kB
Inactive:         623580 kB
Active(anon):     589020 kB
Inactive(anon):   156300 kB
Active(file):     238844 kB
Inactive(file):   467280 kB
Unevictable:           0 kB
Mlocked:               0 kB
SwapTotal:       4122620 kB
SwapFree:        4122620 kB
Dirty:               100 kB
Writeback:             0 kB
AnonPages:        588360 kB
Mapped:           125172 kB
Shmem:            157024 kB
Slab:              54412 kB
SReclaimable:      29576 kB
SUnreclaim:        24836 kB
KernelStack:        2976 kB
PageTables:        21688 kB
NFS_Unstable:          0 kB
Bounce:                0 kB
WritebackTmp:          0 kB
CommitLimit:     6112420 kB
Committed_AS:    2546696 kB
VmallocTotal:   34359738367 kB
VmallocUsed:      359872 kB
VmallocChunk:   34359375336 kB
HardwareCorrupted:     0 kB
AnonHugePages:         0 kB
HugePages_Total:       0
HugePages_Free:        0
HugePages_Rsvd:        0
HugePages_Surp:        0
Hugepagesize:       2048 kB
DirectMap4k:       75776 kB
DirectMap2M:     4048896 kB


CPU:total 2 (2 cores per cpu, 1 threads per core) family 6 model 23 stepping 10, cmov, cx8, fxsr, mmx, sse, sse2, sse3, ssse3, sse4.1, tsc

/proc/cpuinfo:
processor	: 0
vendor_id	: GenuineIntel
cpu family	: 6
model		: 23
model name	: Intel(R) Core(TM)2 Duo CPU     T6400  @ 2.00GHz
stepping	: 10
microcode	: 0xa07
cpu MHz		: 2000.000
cache size	: 2048 KB
physical id	: 0
siblings	: 2
core id		: 0
cpu cores	: 2
apicid		: 0
initial apicid	: 0
fpu		: yes
fpu_exception	: yes
cpuid level	: 13
wp		: yes
flags		: fpu vme de pse tsc msr pae mce cx8 apic sep mtrr pge mca cmov pat pse36 clflush dts acpi mmx fxsr sse sse2 ss ht tm pbe syscall nx lm constant_tsc arch_perfmon pebs bts rep_good nopl aperfmperf pni dtes64 monitor ds_cpl est tm2 ssse3 cx16 xtpr pdcm sse4_1 xsave lahf_lm dtherm
bogomips	: 3990.43
clflush size	: 64
cache_alignment	: 64
address sizes	: 36 bits physical, 48 bits virtual
power management:

processor	: 1
vendor_id	: GenuineIntel
cpu family	: 6
model		: 23
model name	: Intel(R) Core(TM)2 Duo CPU     T6400  @ 2.00GHz
stepping	: 10
microcode	: 0xa07
cpu MHz		: 2000.000
cache size	: 2048 KB
physical id	: 0
siblings	: 2
core id		: 1
cpu cores	: 2
apicid		: 1
initial apicid	: 1
fpu		: yes
fpu_exception	: yes
cpuid level	: 13
wp		: yes
flags		: fpu vme de pse tsc msr pae mce cx8 apic sep mtrr pge mca cmov pat pse36 clflush dts acpi mmx fxsr sse sse2 ss ht tm pbe syscall nx lm constant_tsc arch_perfmon pebs bts rep_good nopl aperfmperf pni dtes64 monitor ds_cpl est tm2 ssse3 cx16 xtpr pdcm sse4_1 xsave lahf_lm dtherm
bogomips	: 3990.44
clflush size	: 64
cache_alignment	: 64
address sizes	: 36 bits physical, 48 bits virtual
power management:



Memory: 4k page, physical 3979600k(2376100k free), swap 4122620k(4122620k free)

vm_info: OpenJDK 64-Bit Server VM (23.25-b01) for linux-amd64 JRE (1.6.0_32-b32), built on Aug  6 2014 17:00:19 by "buildd" with gcc 4.6.3

time: Mon Sep 29 23:14:39 2014
elapsed time: 919 seconds

